{"/home/annael/Documents/ESGI/Vue/Asili/backend/src/config/dbConfigPostgres.ts": {"path":"/home/annael/Documents/ESGI/Vue/Asili/backend/src/config/dbConfigPostgres.ts","statementMap":{"0":{"start":{"line":1,"column":0},"end":{"line":1,"column":38}},"1":{"start":{"line":3,"column":18},"end":{"line":8,"column":null}},"2":{"start":{"line":21,"column":28},"end":{"line":21,"column":37}},"3":{"start":{"line":11,"column":26},"end":{"line":19,"column":1}},"4":{"start":{"line":12,"column":2},"end":{"line":18,"column":3}},"5":{"start":{"line":13,"column":4},"end":{"line":13,"column":35}},"6":{"start":{"line":14,"column":4},"end":{"line":14,"column":53}},"7":{"start":{"line":16,"column":4},"end":{"line":16,"column":57}},"8":{"start":{"line":17,"column":4},"end":{"line":17,"column":20}},"9":{"start":{"line":21,"column":9},"end":{"line":21,"column":26}}},"fnMap":{"0":{"name":"(anonymous_0)","decl":{"start":{"line":11,"column":26},"end":{"line":11,"column":31}},"loc":{"start":{"line":11,"column":37},"end":{"line":19,"column":1}}}},"branchMap":{},"s":{"0":1,"1":1,"2":1,"3":1,"4":0,"5":0,"6":0,"7":0,"8":0,"9":1},"f":{"0":0},"b":{}}
,"/home/annael/Documents/ESGI/Vue/Asili/backend/src/config/scopes.js": {"path":"/home/annael/Documents/ESGI/Vue/Asili/backend/src/config/scopes.js","statementMap":{"0":{"start":{"line":1,"column":19},"end":{"line":1,"column":33}},"1":{"start":{"line":3,"column":0},"end":{"line":5,"column":2}}},"fnMap":{},"branchMap":{},"s":{"0":13,"1":13},"f":{},"b":{},"inputSourceMap":null,"_coverageSchema":"1a1c01bbd47fc00a2c39e90264f33305004495a9","hash":"bde9a9b19a3570bfe443ea828add175888ae31ad"}
,"/home/annael/Documents/ESGI/Vue/Asili/backend/src/models/AlertPreference.ts": {"path":"/home/annael/Documents/ESGI/Vue/Asili/backend/src/models/AlertPreference.ts","statementMap":{"0":{"start":{"line":1,"column":0},"end":{"line":1,"column":null}},"1":{"start":{"line":10,"column":0},"end":{"line":10,"column":26}},"2":{"start":{"line":16,"column":15},"end":{"line":64,"column":null}},"3":{"start":{"line":25,"column":2},"end":{"line":25,"column":null}},"4":{"start":{"line":32,"column":2},"end":{"line":32,"column":null}},"5":{"start":{"line":27,"column":20},"end":{"line":27,"column":24}},"6":{"start":{"line":39,"column":2},"end":{"line":39,"column":null}},"7":{"start":{"line":46,"column":2},"end":{"line":46,"column":null}},"8":{"start":{"line":53,"column":2},"end":{"line":53,"column":null}},"9":{"start":{"line":60,"column":2},"end":{"line":60,"column":null}},"10":{"start":{"line":63,"column":2},"end":{"line":63,"column":null}},"11":{"start":{"line":62,"column":19},"end":{"line":62,"column":23}},"12":{"start":{"line":16,"column":21},"end":{"line":64,"column":null}},"13":{"start":{"line":16,"column":21},"end":{"line":16,"column":null}}},"fnMap":{"0":{"name":"(anonymous_3)","decl":{"start":{"line":27,"column":14},"end":{"line":27,"column":17}},"loc":{"start":{"line":27,"column":20},"end":{"line":27,"column":24}}},"1":{"name":"(anonymous_4)","decl":{"start":{"line":62,"column":13},"end":{"line":62,"column":16}},"loc":{"start":{"line":62,"column":19},"end":{"line":62,"column":23}}}},"branchMap":{},"s":{"0":12,"1":12,"2":12,"3":12,"4":12,"5":0,"6":12,"7":12,"8":12,"9":12,"10":12,"11":0,"12":12,"13":12},"f":{"0":0,"1":0},"b":{}}
,"/home/annael/Documents/ESGI/Vue/Asili/backend/src/models/Brand.ts": {"path":"/home/annael/Documents/ESGI/Vue/Asili/backend/src/models/Brand.ts","statementMap":{"0":{"start":{"line":1,"column":0},"end":{"line":1,"column":79}},"1":{"start":{"line":3,"column":0},"end":{"line":3,"column":32}},"2":{"start":{"line":9,"column":15},"end":{"line":26,"column":null}},"3":{"start":{"line":15,"column":2},"end":{"line":15,"column":null}},"4":{"start":{"line":22,"column":2},"end":{"line":22,"column":null}},"5":{"start":{"line":25,"column":2},"end":{"line":25,"column":null}},"6":{"start":{"line":24,"column":17},"end":{"line":24,"column":24}},"7":{"start":{"line":9,"column":21},"end":{"line":26,"column":null}},"8":{"start":{"line":9,"column":21},"end":{"line":9,"column":27}}},"fnMap":{"0":{"name":"(anonymous_3)","decl":{"start":{"line":24,"column":11},"end":{"line":24,"column":14}},"loc":{"start":{"line":24,"column":17},"end":{"line":24,"column":24}}}},"branchMap":{},"s":{"0":10,"1":10,"2":10,"3":10,"4":10,"5":10,"6":0,"7":10,"8":10},"f":{"0":0},"b":{}}
,"/home/annael/Documents/ESGI/Vue/Asili/backend/src/models/BrandMongo.ts": {"path":"/home/annael/Documents/ESGI/Vue/Asili/backend/src/models/BrandMongo.ts","statementMap":{"0":{"start":{"line":1,"column":0},"end":{"line":1,"column":32}},"1":{"start":{"line":4,"column":20},"end":{"line":7,"column":2}},"2":{"start":{"line":9,"column":19},"end":{"line":9,"column":63}},"3":{"start":{"line":11,"column":0},"end":{"line":11,"column":26}}},"fnMap":{},"branchMap":{},"s":{"0":1,"1":1,"2":1,"3":1},"f":{},"b":{}}
,"/home/annael/Documents/ESGI/Vue/Asili/backend/src/models/Cart.ts": {"path":"/home/annael/Documents/ESGI/Vue/Asili/backend/src/models/Cart.ts","statementMap":{"0":{"start":{"line":1,"column":0},"end":{"line":1,"column":null}},"1":{"start":{"line":11,"column":0},"end":{"line":11,"column":26}},"2":{"start":{"line":12,"column":0},"end":{"line":12,"column":34}},"3":{"start":{"line":18,"column":15},"end":{"line":44,"column":null}},"4":{"start":{"line":24,"column":2},"end":{"line":24,"column":null}},"5":{"start":{"line":31,"column":2},"end":{"line":31,"column":null}},"6":{"start":{"line":26,"column":20},"end":{"line":26,"column":24}},"7":{"start":{"line":37,"column":2},"end":{"line":37,"column":null}},"8":{"start":{"line":40,"column":2},"end":{"line":40,"column":null}},"9":{"start":{"line":39,"column":19},"end":{"line":39,"column":23}},"10":{"start":{"line":43,"column":2},"end":{"line":43,"column":null}},"11":{"start":{"line":42,"column":17},"end":{"line":42,"column":25}},"12":{"start":{"line":18,"column":21},"end":{"line":44,"column":null}},"13":{"start":{"line":18,"column":21},"end":{"line":18,"column":26}}},"fnMap":{"0":{"name":"(anonymous_3)","decl":{"start":{"line":26,"column":14},"end":{"line":26,"column":17}},"loc":{"start":{"line":26,"column":20},"end":{"line":26,"column":24}}},"1":{"name":"(anonymous_4)","decl":{"start":{"line":39,"column":13},"end":{"line":39,"column":16}},"loc":{"start":{"line":39,"column":19},"end":{"line":39,"column":23}}},"2":{"name":"(anonymous_5)","decl":{"start":{"line":42,"column":11},"end":{"line":42,"column":14}},"loc":{"start":{"line":42,"column":17},"end":{"line":42,"column":25}}}},"branchMap":{},"s":{"0":2,"1":2,"2":2,"3":2,"4":2,"5":2,"6":0,"7":2,"8":2,"9":0,"10":2,"11":0,"12":2,"13":2},"f":{"0":0,"1":0,"2":0},"b":{}}
,"/home/annael/Documents/ESGI/Vue/Asili/backend/src/models/CartItem.ts": {"path":"/home/annael/Documents/ESGI/Vue/Asili/backend/src/models/CartItem.ts","statementMap":{"0":{"start":{"line":1,"column":0},"end":{"line":1,"column":null}},"1":{"start":{"line":10,"column":0},"end":{"line":10,"column":26}},"2":{"start":{"line":11,"column":0},"end":{"line":11,"column":32}},"3":{"start":{"line":17,"column":15},"end":{"line":57,"column":null}},"4":{"start":{"line":23,"column":2},"end":{"line":23,"column":null}},"5":{"start":{"line":30,"column":2},"end":{"line":30,"column":null}},"6":{"start":{"line":25,"column":20},"end":{"line":25,"column":24}},"7":{"start":{"line":37,"column":2},"end":{"line":37,"column":null}},"8":{"start":{"line":32,"column":20},"end":{"line":32,"column":27}},"9":{"start":{"line":44,"column":2},"end":{"line":44,"column":null}},"10":{"start":{"line":50,"column":2},"end":{"line":50,"column":null}},"11":{"start":{"line":53,"column":2},"end":{"line":53,"column":null}},"12":{"start":{"line":52,"column":19},"end":{"line":52,"column":26}},"13":{"start":{"line":56,"column":2},"end":{"line":56,"column":null}},"14":{"start":{"line":55,"column":19},"end":{"line":55,"column":23}},"15":{"start":{"line":17,"column":21},"end":{"line":57,"column":null}},"16":{"start":{"line":17,"column":21},"end":{"line":17,"column":30}}},"fnMap":{"0":{"name":"(anonymous_3)","decl":{"start":{"line":25,"column":14},"end":{"line":25,"column":17}},"loc":{"start":{"line":25,"column":20},"end":{"line":25,"column":24}}},"1":{"name":"(anonymous_4)","decl":{"start":{"line":32,"column":14},"end":{"line":32,"column":17}},"loc":{"start":{"line":32,"column":20},"end":{"line":32,"column":27}}},"2":{"name":"(anonymous_5)","decl":{"start":{"line":52,"column":13},"end":{"line":52,"column":16}},"loc":{"start":{"line":52,"column":19},"end":{"line":52,"column":26}}},"3":{"name":"(anonymous_6)","decl":{"start":{"line":55,"column":13},"end":{"line":55,"column":16}},"loc":{"start":{"line":55,"column":19},"end":{"line":55,"column":23}}}},"branchMap":{},"s":{"0":2,"1":2,"2":2,"3":2,"4":2,"5":2,"6":0,"7":2,"8":0,"9":2,"10":2,"11":2,"12":0,"13":2,"14":0,"15":2,"16":2},"f":{"0":0,"1":0,"2":0,"3":0},"b":{}}
,"/home/annael/Documents/ESGI/Vue/Asili/backend/src/models/Category.ts": {"path":"/home/annael/Documents/ESGI/Vue/Asili/backend/src/models/Category.ts","statementMap":{"0":{"start":{"line":1,"column":0},"end":{"line":1,"column":79}},"1":{"start":{"line":3,"column":0},"end":{"line":3,"column":32}},"2":{"start":{"line":9,"column":15},"end":{"line":26,"column":null}},"3":{"start":{"line":15,"column":2},"end":{"line":15,"column":null}},"4":{"start":{"line":22,"column":2},"end":{"line":22,"column":null}},"5":{"start":{"line":25,"column":2},"end":{"line":25,"column":null}},"6":{"start":{"line":24,"column":17},"end":{"line":24,"column":24}},"7":{"start":{"line":9,"column":21},"end":{"line":26,"column":null}},"8":{"start":{"line":9,"column":21},"end":{"line":9,"column":30}}},"fnMap":{"0":{"name":"(anonymous_3)","decl":{"start":{"line":24,"column":11},"end":{"line":24,"column":14}},"loc":{"start":{"line":24,"column":17},"end":{"line":24,"column":24}}}},"branchMap":{},"s":{"0":10,"1":10,"2":10,"3":10,"4":10,"5":10,"6":0,"7":10,"8":10},"f":{"0":0},"b":{}}
,"/home/annael/Documents/ESGI/Vue/Asili/backend/src/models/MongoOrder.ts": {"path":"/home/annael/Documents/ESGI/Vue/Asili/backend/src/models/MongoOrder.ts","statementMap":{"0":{"start":{"line":1,"column":0},"end":{"line":1,"column":32}},"1":{"start":{"line":3,"column":25},"end":{"line":35,"column":2}},"2":{"start":{"line":37,"column":13},"end":{"line":37,"column":68}}},"fnMap":{},"branchMap":{},"s":{"0":6,"1":6,"2":6},"f":{},"b":{}}
,"/home/annael/Documents/ESGI/Vue/Asili/backend/src/models/NewsletterSubscription.ts": {"path":"/home/annael/Documents/ESGI/Vue/Asili/backend/src/models/NewsletterSubscription.ts","statementMap":{"0":{"start":{"line":1,"column":0},"end":{"line":1,"column":70}},"1":{"start":{"line":7,"column":15},"end":{"line":34,"column":null}},"2":{"start":{"line":13,"column":2},"end":{"line":13,"column":null}},"3":{"start":{"line":20,"column":2},"end":{"line":20,"column":null}},"4":{"start":{"line":26,"column":2},"end":{"line":26,"column":null}},"5":{"start":{"line":33,"column":2},"end":{"line":33,"column":null}},"6":{"start":{"line":7,"column":21},"end":{"line":34,"column":null}},"7":{"start":{"line":7,"column":21},"end":{"line":7,"column":44}}},"fnMap":{},"branchMap":{},"s":{"0":1,"1":1,"2":1,"3":1,"4":1,"5":1,"6":1,"7":1},"f":{},"b":{}}
,"/home/annael/Documents/ESGI/Vue/Asili/backend/src/models/Order.ts": {"path":"/home/annael/Documents/ESGI/Vue/Asili/backend/src/models/Order.ts","statementMap":{"0":{"start":{"line":1,"column":0},"end":{"line":1,"column":null}},"1":{"start":{"line":13,"column":0},"end":{"line":13,"column":42}},"2":{"start":{"line":14,"column":0},"end":{"line":14,"column":26}},"3":{"start":{"line":15,"column":0},"end":{"line":15,"column":32}},"4":{"start":{"line":16,"column":0},"end":{"line":16,"column":36}},"5":{"start":{"line":17,"column":0},"end":{"line":17,"column":34}},"6":{"start":{"line":18,"column":0},"end":{"line":18,"column":32}},"7":{"start":{"line":24,"column":26},"end":{"line":142,"column":null}},"8":{"start":{"line":83,"column":4},"end":{"line":83,"column":38}},"9":{"start":{"line":84,"column":4},"end":{"line":140,"column":5}},"10":{"start":{"line":85,"column":6},"end":{"line":85,"column":52}},"11":{"start":{"line":86,"column":31},"end":{"line":103,"column":8}},"12":{"start":{"line":105,"column":6},"end":{"line":105,"column":69}},"13":{"start":{"line":107,"column":6},"end":{"line":137,"column":7}},"14":{"start":{"line":108,"column":8},"end":{"line":136,"column":11}},"15":{"start":{"line":115,"column":61},"end":{"line":123,"column":12}},"16":{"start":{"line":139,"column":6},"end":{"line":139,"column":57}},"17":{"start":{"line":30,"column":2},"end":{"line":30,"column":null}},"18":{"start":{"line":37,"column":2},"end":{"line":37,"column":null}},"19":{"start":{"line":32,"column":20},"end":{"line":32,"column":24}},"20":{"start":{"line":40,"column":2},"end":{"line":40,"column":null}},"21":{"start":{"line":39,"column":19},"end":{"line":39,"column":23}},"22":{"start":{"line":46,"column":2},"end":{"line":46,"column":null}},"23":{"start":{"line":52,"column":2},"end":{"line":52,"column":null}},"24":{"start":{"line":58,"column":2},"end":{"line":58,"column":null}},"25":{"start":{"line":64,"column":2},"end":{"line":64,"column":null}},"26":{"start":{"line":70,"column":2},"end":{"line":70,"column":null}},"27":{"start":{"line":73,"column":2},"end":{"line":73,"column":null}},"28":{"start":{"line":72,"column":17},"end":{"line":72,"column":26}},"29":{"start":{"line":76,"column":2},"end":{"line":76,"column":null}},"30":{"start":{"line":75,"column":16},"end":{"line":75,"column":24}},"31":{"start":{"line":79,"column":2},"end":{"line":79,"column":null}},"32":{"start":{"line":78,"column":16},"end":{"line":78,"column":23}},"33":{"start":{"line":82,"column":15},"end":{"line":141,"column":null}},"34":{"start":{"line":24,"column":21},"end":{"line":142,"column":null}},"35":{"start":{"line":24,"column":21},"end":{"line":24,"column":27}},"36":{"start":{"line":144,"column":30},"end":{"line":147,"column":1}},"37":{"start":{"line":145,"column":2},"end":{"line":145,"column":69}},"38":{"start":{"line":146,"column":2},"end":{"line":146,"column":74}},"39":{"start":{"line":144,"column":13},"end":{"line":144,"column":30}}},"fnMap":{"0":{"name":"(anonymous_3)","decl":{"start":{"line":82,"column":2},"end":{"line":82,"column":8}},"loc":{"start":{"line":82,"column":58},"end":{"line":141,"column":3}}},"1":{"name":"(anonymous_4)","decl":{"start":{"line":115,"column":45},"end":{"line":115,"column":46}},"loc":{"start":{"line":115,"column":61},"end":{"line":123,"column":12}}},"2":{"name":"(anonymous_5)","decl":{"start":{"line":32,"column":14},"end":{"line":32,"column":17}},"loc":{"start":{"line":32,"column":20},"end":{"line":32,"column":24}}},"3":{"name":"(anonymous_6)","decl":{"start":{"line":39,"column":13},"end":{"line":39,"column":16}},"loc":{"start":{"line":39,"column":19},"end":{"line":39,"column":23}}},"4":{"name":"(anonymous_7)","decl":{"start":{"line":72,"column":11},"end":{"line":72,"column":14}},"loc":{"start":{"line":72,"column":17},"end":{"line":72,"column":26}}},"5":{"name":"(anonymous_8)","decl":{"start":{"line":75,"column":10},"end":{"line":75,"column":13}},"loc":{"start":{"line":75,"column":16},"end":{"line":75,"column":24}}},"6":{"name":"(anonymous_9)","decl":{"start":{"line":78,"column":10},"end":{"line":78,"column":13}},"loc":{"start":{"line":78,"column":16},"end":{"line":78,"column":23}}},"7":{"name":"(anonymous_10)","decl":{"start":{"line":144,"column":30},"end":{"line":144,"column":31}},"loc":{"start":{"line":144,"column":46},"end":{"line":147,"column":1}}}},"branchMap":{"0":{"loc":{"start":{"line":107,"column":6},"end":{"line":137,"column":7}},"type":"if","locations":[{"start":{"line":107,"column":6},"end":{"line":137,"column":7}}]},"1":{"loc":{"start":{"line":124,"column":20},"end":{"line":129,"column":23}},"type":"cond-expr","locations":[{"start":{"line":124,"column":48},"end":{"line":129,"column":12}},{"start":{"line":129,"column":14},"end":{"line":129,"column":23}}]},"2":{"loc":{"start":{"line":130,"column":19},"end":{"line":135,"column":23}},"type":"cond-expr","locations":[{"start":{"line":130,"column":46},"end":{"line":135,"column":12}},{"start":{"line":135,"column":14},"end":{"line":135,"column":23}}]}},"s":{"0":3,"1":3,"2":3,"3":3,"4":3,"5":3,"6":3,"7":3,"8":0,"9":0,"10":0,"11":0,"12":0,"13":0,"14":0,"15":0,"16":0,"17":3,"18":3,"19":0,"20":3,"21":0,"22":3,"23":3,"24":3,"25":3,"26":3,"27":3,"28":0,"29":3,"30":0,"31":3,"32":0,"33":3,"34":3,"35":3,"36":3,"37":0,"38":0,"39":3},"f":{"0":0,"1":0,"2":0,"3":0,"4":0,"5":0,"6":0,"7":0},"b":{"0":[0],"1":[0,0],"2":[0,0]}}
,"/home/annael/Documents/ESGI/Vue/Asili/backend/src/models/OrderItem.ts": {"path":"/home/annael/Documents/ESGI/Vue/Asili/backend/src/models/OrderItem.ts","statementMap":{"0":{"start":{"line":1,"column":0},"end":{"line":1,"column":null}},"1":{"start":{"line":11,"column":0},"end":{"line":11,"column":42}},"2":{"start":{"line":12,"column":0},"end":{"line":12,"column":28}},"3":{"start":{"line":13,"column":0},"end":{"line":13,"column":32}},"4":{"start":{"line":19,"column":30},"end":{"line":90,"column":null}},"5":{"start":{"line":61,"column":4},"end":{"line":61,"column":42}},"6":{"start":{"line":62,"column":4},"end":{"line":88,"column":5}},"7":{"start":{"line":63,"column":30},"end":{"line":65,"column":8}},"8":{"start":{"line":67,"column":6},"end":{"line":85,"column":7}},"9":{"start":{"line":68,"column":8},"end":{"line":84,"column":10}},"10":{"start":{"line":87,"column":6},"end":{"line":87,"column":77}},"11":{"start":{"line":25,"column":2},"end":{"line":25,"column":null}},"12":{"start":{"line":32,"column":2},"end":{"line":32,"column":null}},"13":{"start":{"line":27,"column":20},"end":{"line":27,"column":25}},"14":{"start":{"line":39,"column":2},"end":{"line":39,"column":null}},"15":{"start":{"line":34,"column":20},"end":{"line":34,"column":27}},"16":{"start":{"line":45,"column":2},"end":{"line":45,"column":null}},"17":{"start":{"line":51,"column":2},"end":{"line":51,"column":null}},"18":{"start":{"line":54,"column":2},"end":{"line":54,"column":null}},"19":{"start":{"line":53,"column":19},"end":{"line":53,"column":24}},"20":{"start":{"line":57,"column":2},"end":{"line":57,"column":null}},"21":{"start":{"line":56,"column":19},"end":{"line":56,"column":26}},"22":{"start":{"line":60,"column":15},"end":{"line":89,"column":null}},"23":{"start":{"line":19,"column":21},"end":{"line":90,"column":null}},"24":{"start":{"line":19,"column":21},"end":{"line":19,"column":31}},"25":{"start":{"line":92,"column":34},"end":{"line":95,"column":1}},"26":{"start":{"line":93,"column":2},"end":{"line":93,"column":76}},"27":{"start":{"line":94,"column":2},"end":{"line":94,"column":82}},"28":{"start":{"line":92,"column":13},"end":{"line":92,"column":34}}},"fnMap":{"0":{"name":"(anonymous_3)","decl":{"start":{"line":60,"column":2},"end":{"line":60,"column":8}},"loc":{"start":{"line":60,"column":52},"end":{"line":89,"column":3}}},"1":{"name":"(anonymous_4)","decl":{"start":{"line":27,"column":14},"end":{"line":27,"column":17}},"loc":{"start":{"line":27,"column":20},"end":{"line":27,"column":25}}},"2":{"name":"(anonymous_5)","decl":{"start":{"line":34,"column":14},"end":{"line":34,"column":17}},"loc":{"start":{"line":34,"column":20},"end":{"line":34,"column":27}}},"3":{"name":"(anonymous_6)","decl":{"start":{"line":53,"column":13},"end":{"line":53,"column":16}},"loc":{"start":{"line":53,"column":19},"end":{"line":53,"column":24}}},"4":{"name":"(anonymous_7)","decl":{"start":{"line":56,"column":13},"end":{"line":56,"column":16}},"loc":{"start":{"line":56,"column":19},"end":{"line":56,"column":26}}},"5":{"name":"(anonymous_8)","decl":{"start":{"line":92,"column":34},"end":{"line":92,"column":35}},"loc":{"start":{"line":92,"column":50},"end":{"line":95,"column":1}}}},"branchMap":{"0":{"loc":{"start":{"line":67,"column":6},"end":{"line":85,"column":7}},"type":"if","locations":[{"start":{"line":67,"column":6},"end":{"line":85,"column":7}}]},"1":{"loc":{"start":{"line":67,"column":10},"end":{"line":67,"column":52}},"type":"binary-expr","locations":[{"start":{"line":67,"column":10},"end":{"line":67,"column":25}},{"start":{"line":67,"column":29},"end":{"line":67,"column":52}}]}},"s":{"0":3,"1":3,"2":3,"3":3,"4":3,"5":0,"6":0,"7":0,"8":0,"9":0,"10":0,"11":3,"12":3,"13":0,"14":3,"15":0,"16":3,"17":3,"18":3,"19":0,"20":3,"21":0,"22":3,"23":3,"24":3,"25":3,"26":0,"27":0,"28":3},"f":{"0":0,"1":0,"2":0,"3":0,"4":0,"5":0},"b":{"0":[0],"1":[0,0]}}
,"/home/annael/Documents/ESGI/Vue/Asili/backend/src/models/Payment.ts": {"path":"/home/annael/Documents/ESGI/Vue/Asili/backend/src/models/Payment.ts","statementMap":{"0":{"start":{"line":1,"column":0},"end":{"line":1,"column":null}},"1":{"start":{"line":12,"column":0},"end":{"line":12,"column":26}},"2":{"start":{"line":13,"column":0},"end":{"line":13,"column":28}},"3":{"start":{"line":14,"column":0},"end":{"line":14,"column":42}},"4":{"start":{"line":20,"column":15},"end":{"line":91,"column":null}},"5":{"start":{"line":71,"column":4},"end":{"line":71,"column":40}},"6":{"start":{"line":72,"column":4},"end":{"line":89,"column":5}},"7":{"start":{"line":73,"column":6},"end":{"line":86,"column":8}},"8":{"start":{"line":88,"column":6},"end":{"line":88,"column":75}},"9":{"start":{"line":26,"column":2},"end":{"line":26,"column":null}},"10":{"start":{"line":33,"column":2},"end":{"line":33,"column":null}},"11":{"start":{"line":28,"column":20},"end":{"line":28,"column":24}},"12":{"start":{"line":36,"column":2},"end":{"line":36,"column":null}},"13":{"start":{"line":35,"column":19},"end":{"line":35,"column":23}},"14":{"start":{"line":43,"column":2},"end":{"line":43,"column":null}},"15":{"start":{"line":38,"column":20},"end":{"line":38,"column":25}},"16":{"start":{"line":46,"column":2},"end":{"line":46,"column":null}},"17":{"start":{"line":45,"column":19},"end":{"line":45,"column":24}},"18":{"start":{"line":52,"column":2},"end":{"line":52,"column":null}},"19":{"start":{"line":58,"column":2},"end":{"line":58,"column":null}},"20":{"start":{"line":64,"column":2},"end":{"line":64,"column":null}},"21":{"start":{"line":67,"column":2},"end":{"line":67,"column":null}},"22":{"start":{"line":70,"column":15},"end":{"line":90,"column":null}},"23":{"start":{"line":20,"column":21},"end":{"line":91,"column":null}},"24":{"start":{"line":20,"column":21},"end":{"line":20,"column":29}},"25":{"start":{"line":93,"column":32},"end":{"line":96,"column":1}},"26":{"start":{"line":94,"column":2},"end":{"line":94,"column":71}},"27":{"start":{"line":95,"column":2},"end":{"line":95,"column":74}},"28":{"start":{"line":93,"column":13},"end":{"line":93,"column":32}}},"fnMap":{"0":{"name":"(anonymous_3)","decl":{"start":{"line":70,"column":2},"end":{"line":70,"column":8}},"loc":{"start":{"line":70,"column":48},"end":{"line":90,"column":3}}},"1":{"name":"(anonymous_4)","decl":{"start":{"line":28,"column":14},"end":{"line":28,"column":17}},"loc":{"start":{"line":28,"column":20},"end":{"line":28,"column":24}}},"2":{"name":"(anonymous_5)","decl":{"start":{"line":35,"column":13},"end":{"line":35,"column":16}},"loc":{"start":{"line":35,"column":19},"end":{"line":35,"column":23}}},"3":{"name":"(anonymous_6)","decl":{"start":{"line":38,"column":14},"end":{"line":38,"column":17}},"loc":{"start":{"line":38,"column":20},"end":{"line":38,"column":25}}},"4":{"name":"(anonymous_7)","decl":{"start":{"line":45,"column":13},"end":{"line":45,"column":16}},"loc":{"start":{"line":45,"column":19},"end":{"line":45,"column":24}}},"5":{"name":"(anonymous_8)","decl":{"start":{"line":93,"column":32},"end":{"line":93,"column":33}},"loc":{"start":{"line":93,"column":48},"end":{"line":96,"column":1}}}},"branchMap":{},"s":{"0":3,"1":3,"2":3,"3":3,"4":3,"5":0,"6":0,"7":0,"8":0,"9":3,"10":3,"11":0,"12":3,"13":0,"14":3,"15":0,"16":3,"17":0,"18":3,"19":3,"20":3,"21":3,"22":3,"23":3,"24":3,"25":3,"26":0,"27":0,"28":3},"f":{"0":0,"1":0,"2":0,"3":0,"4":0,"5":0},"b":{}}
,"/home/annael/Documents/ESGI/Vue/Asili/backend/src/models/Product.ts": {"path":"/home/annael/Documents/ESGI/Vue/Asili/backend/src/models/Product.ts","statementMap":{"0":{"start":{"line":1,"column":0},"end":{"line":1,"column":null}},"1":{"start":{"line":10,"column":0},"end":{"line":10,"column":34}},"2":{"start":{"line":11,"column":0},"end":{"line":11,"column":28}},"3":{"start":{"line":17,"column":15},"end":{"line":99,"column":null}},"4":{"start":{"line":26,"column":2},"end":{"line":26,"column":null}},"5":{"start":{"line":32,"column":2},"end":{"line":32,"column":null}},"6":{"start":{"line":38,"column":2},"end":{"line":38,"column":null}},"7":{"start":{"line":44,"column":2},"end":{"line":44,"column":null}},"8":{"start":{"line":51,"column":2},"end":{"line":51,"column":null}},"9":{"start":{"line":46,"column":20},"end":{"line":46,"column":28}},"10":{"start":{"line":54,"column":2},"end":{"line":54,"column":null}},"11":{"start":{"line":53,"column":19},"end":{"line":53,"column":27}},"12":{"start":{"line":61,"column":2},"end":{"line":61,"column":null}},"13":{"start":{"line":56,"column":20},"end":{"line":56,"column":25}},"14":{"start":{"line":64,"column":2},"end":{"line":64,"column":null}},"15":{"start":{"line":63,"column":19},"end":{"line":63,"column":24}},"16":{"start":{"line":71,"column":2},"end":{"line":71,"column":null}},"17":{"start":{"line":78,"column":2},"end":{"line":78,"column":null}},"18":{"start":{"line":85,"column":2},"end":{"line":85,"column":null}},"19":{"start":{"line":91,"column":2},"end":{"line":91,"column":null}},"20":{"start":{"line":98,"column":2},"end":{"line":98,"column":null}},"21":{"start":{"line":17,"column":21},"end":{"line":99,"column":null}},"22":{"start":{"line":17,"column":21},"end":{"line":17,"column":null}}},"fnMap":{"0":{"name":"(anonymous_3)","decl":{"start":{"line":46,"column":14},"end":{"line":46,"column":17}},"loc":{"start":{"line":46,"column":20},"end":{"line":46,"column":28}}},"1":{"name":"(anonymous_4)","decl":{"start":{"line":53,"column":13},"end":{"line":53,"column":16}},"loc":{"start":{"line":53,"column":19},"end":{"line":53,"column":27}}},"2":{"name":"(anonymous_5)","decl":{"start":{"line":56,"column":14},"end":{"line":56,"column":17}},"loc":{"start":{"line":56,"column":20},"end":{"line":56,"column":25}}},"3":{"name":"(anonymous_6)","decl":{"start":{"line":63,"column":13},"end":{"line":63,"column":16}},"loc":{"start":{"line":63,"column":19},"end":{"line":63,"column":24}}}},"branchMap":{},"s":{"0":8,"1":8,"2":8,"3":8,"4":8,"5":8,"6":8,"7":8,"8":8,"9":0,"10":8,"11":0,"12":8,"13":0,"14":8,"15":0,"16":8,"17":8,"18":8,"19":8,"20":8,"21":8,"22":8},"f":{"0":0,"1":0,"2":0,"3":0},"b":{}}
,"/home/annael/Documents/ESGI/Vue/Asili/backend/src/models/ProductMongo.ts": {"path":"/home/annael/Documents/ESGI/Vue/Asili/backend/src/models/ProductMongo.ts","statementMap":{"0":{"start":{"line":1,"column":0},"end":{"line":1,"column":54}},"1":{"start":{"line":19,"column":35},"end":{"line":42,"column":null}},"2":{"start":{"line":45,"column":0},"end":{"line":45,"column":64}},"3":{"start":{"line":46,"column":0},"end":{"line":46,"column":56}},"4":{"start":{"line":47,"column":0},"end":{"line":47,"column":39}},"5":{"start":{"line":48,"column":0},"end":{"line":48,"column":39}},"6":{"start":{"line":49,"column":0},"end":{"line":49,"column":45}},"7":{"start":{"line":50,"column":0},"end":{"line":50,"column":60}},"8":{"start":{"line":52,"column":21},"end":{"line":54,"column":null}},"9":{"start":{"line":57,"column":0},"end":{"line":57,"column":28}}},"fnMap":{},"branchMap":{},"s":{"0":3,"1":3,"2":3,"3":3,"4":3,"5":3,"6":3,"7":3,"8":3,"9":3},"f":{},"b":{}}
,"/home/annael/Documents/ESGI/Vue/Asili/backend/src/models/ProductSubscription.ts": {"path":"/home/annael/Documents/ESGI/Vue/Asili/backend/src/models/ProductSubscription.ts","statementMap":{"0":{"start":{"line":1,"column":0},"end":{"line":1,"column":null}},"1":{"start":{"line":9,"column":2},"end":{"line":9,"column":28}},"2":{"start":{"line":10,"column":2},"end":{"line":10,"column":34}},"3":{"start":{"line":11,"column":2},"end":{"line":11,"column":36}},"4":{"start":{"line":17,"column":17},"end":{"line":75,"column":null}},"5":{"start":{"line":23,"column":4},"end":{"line":23,"column":null}},"6":{"start":{"line":30,"column":4},"end":{"line":30,"column":null}},"7":{"start":{"line":25,"column":22},"end":{"line":25,"column":26}},"8":{"start":{"line":33,"column":4},"end":{"line":33,"column":null}},"9":{"start":{"line":32,"column":21},"end":{"line":32,"column":25}},"10":{"start":{"line":40,"column":4},"end":{"line":40,"column":null}},"11":{"start":{"line":35,"column":22},"end":{"line":35,"column":29}},"12":{"start":{"line":43,"column":4},"end":{"line":43,"column":null}},"13":{"start":{"line":42,"column":21},"end":{"line":42,"column":28}},"14":{"start":{"line":50,"column":4},"end":{"line":50,"column":null}},"15":{"start":{"line":45,"column":22},"end":{"line":45,"column":30}},"16":{"start":{"line":53,"column":4},"end":{"line":53,"column":null}},"17":{"start":{"line":52,"column":21},"end":{"line":52,"column":29}},"18":{"start":{"line":60,"column":4},"end":{"line":60,"column":null}},"19":{"start":{"line":67,"column":4},"end":{"line":67,"column":null}},"20":{"start":{"line":74,"column":4},"end":{"line":74,"column":null}},"21":{"start":{"line":17,"column":23},"end":{"line":75,"column":null}},"22":{"start":{"line":17,"column":23},"end":{"line":17,"column":43}}},"fnMap":{"0":{"name":"(anonymous_3)","decl":{"start":{"line":25,"column":16},"end":{"line":25,"column":19}},"loc":{"start":{"line":25,"column":22},"end":{"line":25,"column":26}}},"1":{"name":"(anonymous_4)","decl":{"start":{"line":32,"column":15},"end":{"line":32,"column":18}},"loc":{"start":{"line":32,"column":21},"end":{"line":32,"column":25}}},"2":{"name":"(anonymous_5)","decl":{"start":{"line":35,"column":16},"end":{"line":35,"column":19}},"loc":{"start":{"line":35,"column":22},"end":{"line":35,"column":29}}},"3":{"name":"(anonymous_6)","decl":{"start":{"line":42,"column":15},"end":{"line":42,"column":18}},"loc":{"start":{"line":42,"column":21},"end":{"line":42,"column":28}}},"4":{"name":"(anonymous_7)","decl":{"start":{"line":45,"column":16},"end":{"line":45,"column":19}},"loc":{"start":{"line":45,"column":22},"end":{"line":45,"column":30}}},"5":{"name":"(anonymous_8)","decl":{"start":{"line":52,"column":15},"end":{"line":52,"column":18}},"loc":{"start":{"line":52,"column":21},"end":{"line":52,"column":29}}}},"branchMap":{},"s":{"0":2,"1":2,"2":2,"3":2,"4":2,"5":2,"6":2,"7":0,"8":2,"9":0,"10":2,"11":0,"12":2,"13":0,"14":2,"15":0,"16":2,"17":0,"18":2,"19":2,"20":2,"21":2,"22":2},"f":{"0":0,"1":0,"2":0,"3":0,"4":0,"5":0},"b":{}}
,"/home/annael/Documents/ESGI/Vue/Asili/backend/src/models/RGPDModule.ts": {"path":"/home/annael/Documents/ESGI/Vue/Asili/backend/src/models/RGPDModule.ts","statementMap":{"0":{"start":{"line":1,"column":0},"end":{"line":1,"column":null}},"1":{"start":{"line":25,"column":15},"end":{"line":66,"column":null}},"2":{"start":{"line":34,"column":2},"end":{"line":34,"column":null}},"3":{"start":{"line":40,"column":2},"end":{"line":40,"column":null}},"4":{"start":{"line":46,"column":2},"end":{"line":46,"column":null}},"5":{"start":{"line":52,"column":2},"end":{"line":52,"column":null}},"6":{"start":{"line":59,"column":2},"end":{"line":59,"column":null}},"7":{"start":{"line":62,"column":2},"end":{"line":62,"column":null}},"8":{"start":{"line":65,"column":2},"end":{"line":65,"column":null}},"9":{"start":{"line":25,"column":21},"end":{"line":66,"column":null}},"10":{"start":{"line":25,"column":21},"end":{"line":25,"column":null}}},"fnMap":{},"branchMap":{},"s":{"0":1,"1":1,"2":1,"3":1,"4":1,"5":1,"6":1,"7":1,"8":1,"9":1,"10":1},"f":{},"b":{}}
,"/home/annael/Documents/ESGI/Vue/Asili/backend/src/models/SentEmail.ts": {"path":"/home/annael/Documents/ESGI/Vue/Asili/backend/src/models/SentEmail.ts","statementMap":{"0":{"start":{"line":1,"column":0},"end":{"line":1,"column":70}},"1":{"start":{"line":8,"column":15},"end":{"line":46,"column":null}},"2":{"start":{"line":14,"column":2},"end":{"line":14,"column":null}},"3":{"start":{"line":20,"column":2},"end":{"line":20,"column":null}},"4":{"start":{"line":26,"column":2},"end":{"line":26,"column":null}},"5":{"start":{"line":32,"column":2},"end":{"line":32,"column":null}},"6":{"start":{"line":38,"column":2},"end":{"line":38,"column":null}},"7":{"start":{"line":45,"column":2},"end":{"line":45,"column":null}},"8":{"start":{"line":8,"column":21},"end":{"line":46,"column":null}},"9":{"start":{"line":8,"column":21},"end":{"line":8,"column":31}}},"fnMap":{},"branchMap":{},"s":{"0":2,"1":2,"2":2,"3":2,"4":2,"5":2,"6":2,"7":2,"8":2,"9":2},"f":{},"b":{}}
,"/home/annael/Documents/ESGI/Vue/Asili/backend/src/models/Shipping.ts": {"path":"/home/annael/Documents/ESGI/Vue/Asili/backend/src/models/Shipping.ts","statementMap":{"0":{"start":{"line":1,"column":0},"end":{"line":1,"column":null}},"1":{"start":{"line":11,"column":0},"end":{"line":11,"column":42}},"2":{"start":{"line":12,"column":0},"end":{"line":12,"column":28}},"3":{"start":{"line":18,"column":15},"end":{"line":78,"column":null}},"4":{"start":{"line":56,"column":4},"end":{"line":56,"column":51}},"5":{"start":{"line":57,"column":4},"end":{"line":57,"column":73}},"6":{"start":{"line":58,"column":4},"end":{"line":76,"column":5}},"7":{"start":{"line":59,"column":21},"end":{"line":71,"column":null}},"8":{"start":{"line":73,"column":6},"end":{"line":73,"column":77}},"9":{"start":{"line":75,"column":6},"end":{"line":75,"column":76}},"10":{"start":{"line":24,"column":2},"end":{"line":24,"column":null}},"11":{"start":{"line":31,"column":2},"end":{"line":31,"column":null}},"12":{"start":{"line":26,"column":20},"end":{"line":26,"column":25}},"13":{"start":{"line":34,"column":2},"end":{"line":34,"column":null}},"14":{"start":{"line":33,"column":19},"end":{"line":33,"column":24}},"15":{"start":{"line":40,"column":2},"end":{"line":40,"column":null}},"16":{"start":{"line":46,"column":2},"end":{"line":46,"column":null}},"17":{"start":{"line":52,"column":2},"end":{"line":52,"column":null}},"18":{"start":{"line":55,"column":15},"end":{"line":77,"column":null}},"19":{"start":{"line":18,"column":21},"end":{"line":78,"column":null}},"20":{"start":{"line":18,"column":21},"end":{"line":18,"column":30}},"21":{"start":{"line":80,"column":33},"end":{"line":82,"column":1}},"22":{"start":{"line":81,"column":2},"end":{"line":81,"column":75}},"23":{"start":{"line":80,"column":13},"end":{"line":80,"column":33}}},"fnMap":{"0":{"name":"(anonymous_3)","decl":{"start":{"line":55,"column":2},"end":{"line":55,"column":8}},"loc":{"start":{"line":55,"column":54},"end":{"line":77,"column":3}}},"1":{"name":"(anonymous_4)","decl":{"start":{"line":26,"column":14},"end":{"line":26,"column":17}},"loc":{"start":{"line":26,"column":20},"end":{"line":26,"column":25}}},"2":{"name":"(anonymous_5)","decl":{"start":{"line":33,"column":13},"end":{"line":33,"column":16}},"loc":{"start":{"line":33,"column":19},"end":{"line":33,"column":24}}},"3":{"name":"(anonymous_6)","decl":{"start":{"line":80,"column":33},"end":{"line":80,"column":34}},"loc":{"start":{"line":80,"column":49},"end":{"line":82,"column":1}}}},"branchMap":{},"s":{"0":3,"1":3,"2":3,"3":3,"4":0,"5":0,"6":0,"7":0,"8":0,"9":0,"10":3,"11":3,"12":0,"13":3,"14":0,"15":3,"16":3,"17":3,"18":3,"19":3,"20":3,"21":3,"22":0,"23":3},"f":{"0":0,"1":0,"2":0,"3":0},"b":{}}
,"/home/annael/Documents/ESGI/Vue/Asili/backend/src/models/User.ts": {"path":"/home/annael/Documents/ESGI/Vue/Asili/backend/src/models/User.ts","statementMap":{"0":{"start":{"line":1,"column":0},"end":{"line":1,"column":null}},"1":{"start":{"line":12,"column":0},"end":{"line":12,"column":46}},"2":{"start":{"line":13,"column":0},"end":{"line":13,"column":30}},"3":{"start":{"line":14,"column":0},"end":{"line":14,"column":48}},"4":{"start":{"line":21,"column":15},"end":{"line":110,"column":null}},"5":{"start":{"line":101,"column":4},"end":{"line":105,"column":5}},"6":{"start":{"line":102,"column":6},"end":{"line":102,"column":35}},"7":{"start":{"line":103,"column":11},"end":{"line":105,"column":5}},"8":{"start":{"line":104,"column":6},"end":{"line":104,"column":48}},"9":{"start":{"line":106,"column":4},"end":{"line":108,"column":5}},"10":{"start":{"line":107,"column":6},"end":{"line":107,"column":47}},"11":{"start":{"line":27,"column":2},"end":{"line":27,"column":null}},"12":{"start":{"line":37,"column":2},"end":{"line":37,"column":null}},"13":{"start":{"line":43,"column":2},"end":{"line":43,"column":null}},"14":{"start":{"line":50,"column":2},"end":{"line":50,"column":null}},"15":{"start":{"line":57,"column":2},"end":{"line":57,"column":null}},"16":{"start":{"line":63,"column":2},"end":{"line":63,"column":null}},"17":{"start":{"line":69,"column":2},"end":{"line":69,"column":null}},"18":{"start":{"line":76,"column":2},"end":{"line":76,"column":null}},"19":{"start":{"line":83,"column":2},"end":{"line":83,"column":null}},"20":{"start":{"line":86,"column":2},"end":{"line":86,"column":null}},"21":{"start":{"line":85,"column":17},"end":{"line":85,"column":23}},"22":{"start":{"line":89,"column":2},"end":{"line":89,"column":null}},"23":{"start":{"line":88,"column":16},"end":{"line":88,"column":31}},"24":{"start":{"line":96,"column":2},"end":{"line":96,"column":null}},"25":{"start":{"line":100,"column":9},"end":{"line":109,"column":null}},"26":{"start":{"line":21,"column":21},"end":{"line":110,"column":null}},"27":{"start":{"line":21,"column":21},"end":{"line":21,"column":26}}},"fnMap":{"0":{"name":"(anonymous_3)","decl":{"start":{"line":100,"column":2},"end":{"line":100,"column":8}},"loc":{"start":{"line":100,"column":38},"end":{"line":109,"column":3}}},"1":{"name":"(anonymous_4)","decl":{"start":{"line":85,"column":11},"end":{"line":85,"column":14}},"loc":{"start":{"line":85,"column":17},"end":{"line":85,"column":23}}},"2":{"name":"(anonymous_5)","decl":{"start":{"line":88,"column":10},"end":{"line":88,"column":13}},"loc":{"start":{"line":88,"column":16},"end":{"line":88,"column":31}}}},"branchMap":{"0":{"loc":{"start":{"line":101,"column":4},"end":{"line":105,"column":5}},"type":"if","locations":[{"start":{"line":101,"column":4},"end":{"line":105,"column":5}},{"start":{"line":103,"column":11},"end":{"line":105,"column":5}}]},"1":{"loc":{"start":{"line":103,"column":11},"end":{"line":105,"column":5}},"type":"if","locations":[{"start":{"line":103,"column":11},"end":{"line":105,"column":5}}]},"2":{"loc":{"start":{"line":106,"column":4},"end":{"line":108,"column":5}},"type":"if","locations":[{"start":{"line":106,"column":4},"end":{"line":108,"column":5}}]}},"s":{"0":12,"1":12,"2":12,"3":12,"4":12,"5":0,"6":0,"7":0,"8":0,"9":0,"10":0,"11":12,"12":12,"13":12,"14":12,"15":12,"16":12,"17":12,"18":12,"19":12,"20":12,"21":0,"22":12,"23":0,"24":12,"25":12,"26":12,"27":12},"f":{"0":0,"1":0,"2":0},"b":{"0":[0,0],"1":[0],"2":[0]}}
,"/home/annael/Documents/ESGI/Vue/Asili/backend/src/models/Widget.ts": {"path":"/home/annael/Documents/ESGI/Vue/Asili/backend/src/models/Widget.ts","statementMap":{"0":{"start":{"line":1,"column":0},"end":{"line":1,"column":null}},"1":{"start":{"line":10,"column":0},"end":{"line":10,"column":26}},"2":{"start":{"line":16,"column":15},"end":{"line":81,"column":null}},"3":{"start":{"line":22,"column":2},"end":{"line":22,"column":null}},"4":{"start":{"line":28,"column":2},"end":{"line":28,"column":null}},"5":{"start":{"line":34,"column":2},"end":{"line":34,"column":null}},"6":{"start":{"line":40,"column":2},"end":{"line":40,"column":null}},"7":{"start":{"line":46,"column":2},"end":{"line":46,"column":null}},"8":{"start":{"line":52,"column":2},"end":{"line":52,"column":null}},"9":{"start":{"line":58,"column":2},"end":{"line":58,"column":null}},"10":{"start":{"line":64,"column":2},"end":{"line":64,"column":null}},"11":{"start":{"line":70,"column":2},"end":{"line":70,"column":null}},"12":{"start":{"line":77,"column":2},"end":{"line":77,"column":null}},"13":{"start":{"line":72,"column":20},"end":{"line":72,"column":24}},"14":{"start":{"line":80,"column":2},"end":{"line":80,"column":null}},"15":{"start":{"line":79,"column":19},"end":{"line":79,"column":23}},"16":{"start":{"line":16,"column":21},"end":{"line":81,"column":null}},"17":{"start":{"line":16,"column":21},"end":{"line":16,"column":28}}},"fnMap":{"0":{"name":"(anonymous_3)","decl":{"start":{"line":72,"column":14},"end":{"line":72,"column":17}},"loc":{"start":{"line":72,"column":20},"end":{"line":72,"column":24}}},"1":{"name":"(anonymous_4)","decl":{"start":{"line":79,"column":13},"end":{"line":79,"column":16}},"loc":{"start":{"line":79,"column":19},"end":{"line":79,"column":23}}}},"branchMap":{},"s":{"0":11,"1":11,"2":11,"3":11,"4":11,"5":11,"6":11,"7":11,"8":11,"9":11,"10":11,"11":11,"12":11,"13":0,"14":11,"15":0,"16":11,"17":11},"f":{"0":0,"1":0},"b":{}}
,"/home/annael/Documents/ESGI/Vue/Asili/backend/src/queues/index.ts": {"path":"/home/annael/Documents/ESGI/Vue/Asili/backend/src/queues/index.ts","statementMap":{"0":{"start":{"line":1,"column":0},"end":{"line":1,"column":25}},"1":{"start":{"line":3,"column":17},"end":{"line":3,"column":66}},"2":{"start":{"line":5,"column":13},"end":{"line":8,"column":2}},"3":{"start":{"line":9,"column":13},"end":{"line":9,"column":70}}},"fnMap":{},"branchMap":{"0":{"loc":{"start":{"line":3,"column":17},"end":{"line":3,"column":66}},"type":"binary-expr","locations":[{"start":{"line":3,"column":17},"end":{"line":3,"column":38}},{"start":{"line":3,"column":42},"end":{"line":3,"column":66}}]}},"s":{"0":1,"1":1,"2":1,"3":1},"f":{},"b":{"0":[1,0]}}
,"/home/annael/Documents/ESGI/Vue/Asili/backend/src/services/AlertService.ts": {"path":"/home/annael/Documents/ESGI/Vue/Asili/backend/src/services/AlertService.ts","statementMap":{"0":{"start":{"line":1,"column":0},"end":{"line":1,"column":56}},"1":{"start":{"line":2,"column":0},"end":{"line":2,"column":34}},"2":{"start":{"line":4,"column":0},"end":{"line":4,"column":39}},"3":{"start":{"line":6,"column":0},"end":{"line":6,"column":64}},"4":{"start":{"line":7,"column":0},"end":{"line":7,"column":43}},"5":{"start":{"line":12,"column":4},"end":{"line":18,"column":27}},"6":{"start":{"line":25,"column":28},"end":{"line":27,"column":6}},"7":{"start":{"line":28,"column":4},"end":{"line":30,"column":5}},"8":{"start":{"line":29,"column":6},"end":{"line":29,"column":49}},"9":{"start":{"line":31,"column":4},"end":{"line":31,"column":16}},"10":{"start":{"line":37,"column":4},"end":{"line":37,"column":58}},"11":{"start":{"line":41,"column":18},"end":{"line":49,"column":6}},"12":{"start":{"line":51,"column":4},"end":{"line":57,"column":5}},"13":{"start":{"line":52,"column":6},"end":{"line":56,"column":8}},"14":{"start":{"line":61,"column":26},"end":{"line":77,"column":6}},"15":{"start":{"line":79,"column":4},"end":{"line":87,"column":5}},"16":{"start":{"line":80,"column":6},"end":{"line":86,"column":7}},"17":{"start":{"line":81,"column":8},"end":{"line":85,"column":10}},"18":{"start":{"line":94,"column":26},"end":{"line":110,"column":6}},"19":{"start":{"line":112,"column":4},"end":{"line":120,"column":5}},"20":{"start":{"line":113,"column":6},"end":{"line":119,"column":7}},"21":{"start":{"line":114,"column":8},"end":{"line":118,"column":10}},"22":{"start":{"line":124,"column":21},"end":{"line":124,"column":64}},"23":{"start":{"line":125,"column":4},"end":{"line":125,"column":26}},"24":{"start":{"line":125,"column":19},"end":{"line":125,"column":26}},"25":{"start":{"line":127,"column":26},"end":{"line":143,"column":6}},"26":{"start":{"line":145,"column":4},"end":{"line":153,"column":5}},"27":{"start":{"line":146,"column":6},"end":{"line":152,"column":7}},"28":{"start":{"line":147,"column":8},"end":{"line":151,"column":10}},"29":{"start":{"line":157,"column":28},"end":{"line":163,"column":6}},"30":{"start":{"line":165,"column":4},"end":{"line":167,"column":5}},"31":{"start":{"line":166,"column":6},"end":{"line":166,"column":52}},"32":{"start":{"line":10,"column":0},"end":{"line":10,"column":13}}},"fnMap":{"0":{"name":"(anonymous_1)","decl":{"start":{"line":11,"column":9},"end":{"line":11,"column":14}},"loc":{"start":{"line":11,"column":51},"end":{"line":19,"column":3}}},"1":{"name":"(anonymous_2)","decl":{"start":{"line":21,"column":9},"end":{"line":21,"column":14}},"loc":{"start":{"line":23,"column":42},"end":{"line":32,"column":3}}},"2":{"name":"(anonymous_3)","decl":{"start":{"line":34,"column":9},"end":{"line":34,"column":14}},"loc":{"start":{"line":35,"column":18},"end":{"line":38,"column":3}}},"3":{"name":"(anonymous_4)","decl":{"start":{"line":40,"column":9},"end":{"line":40,"column":14}},"loc":{"start":{"line":40,"column":51},"end":{"line":58,"column":3}}},"4":{"name":"(anonymous_5)","decl":{"start":{"line":60,"column":9},"end":{"line":60,"column":14}},"loc":{"start":{"line":60,"column":48},"end":{"line":88,"column":3}}},"5":{"name":"(anonymous_6)","decl":{"start":{"line":90,"column":9},"end":{"line":90,"column":14}},"loc":{"start":{"line":92,"column":20},"end":{"line":121,"column":3}}},"6":{"name":"(anonymous_7)","decl":{"start":{"line":123,"column":9},"end":{"line":123,"column":14}},"loc":{"start":{"line":123,"column":62},"end":{"line":154,"column":3}}},"7":{"name":"(anonymous_8)","decl":{"start":{"line":156,"column":9},"end":{"line":156,"column":14}},"loc":{"start":{"line":156,"column":62},"end":{"line":168,"column":3}}}},"branchMap":{"0":{"loc":{"start":{"line":28,"column":4},"end":{"line":30,"column":5}},"type":"if","locations":[{"start":{"line":28,"column":4},"end":{"line":30,"column":5}}]},"1":{"loc":{"start":{"line":80,"column":6},"end":{"line":86,"column":7}},"type":"if","locations":[{"start":{"line":80,"column":6},"end":{"line":86,"column":7}}]},"2":{"loc":{"start":{"line":80,"column":10},"end":{"line":80,"column":65}},"type":"binary-expr","locations":[{"start":{"line":80,"column":10},"end":{"line":80,"column":27}},{"start":{"line":80,"column":31},"end":{"line":80,"column":65}}]},"3":{"loc":{"start":{"line":113,"column":6},"end":{"line":119,"column":7}},"type":"if","locations":[{"start":{"line":113,"column":6},"end":{"line":119,"column":7}}]},"4":{"loc":{"start":{"line":113,"column":10},"end":{"line":113,"column":65}},"type":"binary-expr","locations":[{"start":{"line":113,"column":10},"end":{"line":113,"column":27}},{"start":{"line":113,"column":31},"end":{"line":113,"column":65}}]},"5":{"loc":{"start":{"line":125,"column":4},"end":{"line":125,"column":26}},"type":"if","locations":[{"start":{"line":125,"column":4},"end":{"line":125,"column":26}}]},"6":{"loc":{"start":{"line":146,"column":6},"end":{"line":152,"column":7}},"type":"if","locations":[{"start":{"line":146,"column":6},"end":{"line":152,"column":7}}]},"7":{"loc":{"start":{"line":146,"column":10},"end":{"line":146,"column":65}},"type":"binary-expr","locations":[{"start":{"line":146,"column":10},"end":{"line":146,"column":27}},{"start":{"line":146,"column":31},"end":{"line":146,"column":65}}]}},"s":{"0":1,"1":1,"2":1,"3":1,"4":1,"5":1,"6":1,"7":1,"8":1,"9":0,"10":1,"11":1,"12":1,"13":2,"14":1,"15":1,"16":1,"17":1,"18":1,"19":1,"20":1,"21":1,"22":1,"23":1,"24":0,"25":1,"26":1,"27":1,"28":1,"29":1,"30":1,"31":2,"32":1},"f":{"0":1,"1":1,"2":1,"3":1,"4":1,"5":1,"6":1,"7":1},"b":{"0":[1],"1":[1],"2":[1,1],"3":[1],"4":[1,1],"5":[0],"6":[1],"7":[1,1]}}
,"/home/annael/Documents/ESGI/Vue/Asili/backend/src/services/FakeApiLaPosteService.ts": {"path":"/home/annael/Documents/ESGI/Vue/Asili/backend/src/services/FakeApiLaPosteService.ts","statementMap":{"0":{"start":{"line":1,"column":0},"end":{"line":1,"column":26}},"1":{"start":{"line":16,"column":10},"end":{"line":16,"column":49}},"2":{"start":{"line":19,"column":21},"end":{"line":19,"column":73}},"3":{"start":{"line":20,"column":4},"end":{"line":20,"column":38}},"4":{"start":{"line":24,"column":21},"end":{"line":24,"column":80}},"5":{"start":{"line":25,"column":4},"end":{"line":25,"column":25}},"6":{"start":{"line":15,"column":0},"end":{"line":15,"column":13}}},"fnMap":{"0":{"name":"(anonymous_1)","decl":{"start":{"line":15,"column":0},"end":{"line":15,"column":13}},"loc":{"start":{"line":15,"column":0},"end":{"line":27,"column":1}}},"1":{"name":"(anonymous_2)","decl":{"start":{"line":18,"column":2},"end":{"line":18,"column":7}},"loc":{"start":{"line":18,"column":30},"end":{"line":21,"column":3}}},"2":{"name":"(anonymous_3)","decl":{"start":{"line":23,"column":2},"end":{"line":23,"column":7}},"loc":{"start":{"line":23,"column":44},"end":{"line":26,"column":3}}}},"branchMap":{},"s":{"0":2,"1":4,"2":2,"3":1,"4":2,"5":1,"6":2},"f":{"0":4,"1":2,"2":2},"b":{}}
,"/home/annael/Documents/ESGI/Vue/Asili/backend/src/services/NewsletterService.ts": {"path":"/home/annael/Documents/ESGI/Vue/Asili/backend/src/services/NewsletterService.ts","statementMap":{"0":{"start":{"line":1,"column":0},"end":{"line":1,"column":70}},"1":{"start":{"line":3,"column":0},"end":{"line":3,"column":56}},"2":{"start":{"line":4,"column":0},"end":{"line":4,"column":39}},"3":{"start":{"line":8,"column":24},"end":{"line":10,"column":6}},"4":{"start":{"line":12,"column":4},"end":{"line":14,"column":5}},"5":{"start":{"line":13,"column":6},"end":{"line":13,"column":58}},"6":{"start":{"line":18,"column":36},"end":{"line":21,"column":6}},"7":{"start":{"line":23,"column":4},"end":{"line":25,"column":5}},"8":{"start":{"line":24,"column":6},"end":{"line":24,"column":56}},"9":{"start":{"line":27,"column":4},"end":{"line":33,"column":5}},"10":{"start":{"line":28,"column":6},"end":{"line":32,"column":8}},"11":{"start":{"line":37,"column":4},"end":{"line":40,"column":6}},"12":{"start":{"line":44,"column":25},"end":{"line":46,"column":6}},"13":{"start":{"line":47,"column":4},"end":{"line":47,"column":65}},"14":{"start":{"line":6,"column":0},"end":{"line":6,"column":13}}},"fnMap":{"0":{"name":"(anonymous_1)","decl":{"start":{"line":7,"column":9},"end":{"line":7,"column":14}},"loc":{"start":{"line":7,"column":62},"end":{"line":15,"column":3}}},"1":{"name":"(anonymous_2)","decl":{"start":{"line":17,"column":9},"end":{"line":17,"column":14}},"loc":{"start":{"line":17,"column":67},"end":{"line":34,"column":3}}},"2":{"name":"(anonymous_3)","decl":{"start":{"line":36,"column":9},"end":{"line":36,"column":14}},"loc":{"start":{"line":36,"column":54},"end":{"line":41,"column":3}}},"3":{"name":"(anonymous_4)","decl":{"start":{"line":43,"column":9},"end":{"line":43,"column":14}},"loc":{"start":{"line":43,"column":51},"end":{"line":48,"column":3}}}},"branchMap":{"0":{"loc":{"start":{"line":23,"column":4},"end":{"line":25,"column":5}},"type":"if","locations":[{"start":{"line":23,"column":4},"end":{"line":25,"column":5}}]},"1":{"loc":{"start":{"line":23,"column":8},"end":{"line":23,"column":46}},"type":"binary-expr","locations":[{"start":{"line":23,"column":8},"end":{"line":23,"column":16}},{"start":{"line":23,"column":20},"end":{"line":23,"column":46}}]},"2":{"loc":{"start":{"line":27,"column":4},"end":{"line":33,"column":5}},"type":"if","locations":[{"start":{"line":27,"column":4},"end":{"line":33,"column":5}}]},"3":{"loc":{"start":{"line":47,"column":27},"end":{"line":47,"column":62}},"type":"binary-expr","locations":[{"start":{"line":47,"column":27},"end":{"line":47,"column":53}},{"start":{"line":47,"column":57},"end":{"line":47,"column":62}}]}},"s":{"0":1,"1":1,"2":1,"3":1,"4":1,"5":2,"6":2,"7":2,"8":1,"9":2,"10":1,"11":1,"12":2,"13":2,"14":1},"f":{"0":1,"1":2,"2":1,"3":2},"b":{"0":[1],"1":[2,1],"2":[1],"3":[2,1]}}
,"/home/annael/Documents/ESGI/Vue/Asili/backend/src/services/RGPDService.ts": {"path":"/home/annael/Documents/ESGI/Vue/Asili/backend/src/services/RGPDService.ts","statementMap":{"0":{"start":{"line":1,"column":0},"end":{"line":1,"column":46}},"1":{"start":{"line":2,"column":0},"end":{"line":2,"column":36}},"2":{"start":{"line":13,"column":22},"end":{"line":18,"column":21}},"3":{"start":{"line":19,"column":4},"end":{"line":19,"column":45}},"4":{"start":{"line":23,"column":19},"end":{"line":23,"column":48}},"5":{"start":{"line":24,"column":4},"end":{"line":24,"column":60}},"6":{"start":{"line":28,"column":20},"end":{"line":28,"column":46}},"7":{"start":{"line":29,"column":4},"end":{"line":29,"column":67}},"8":{"start":{"line":29,"column":35},"end":{"line":29,"column":65}},"9":{"start":{"line":36,"column":19},"end":{"line":36,"column":48}},"10":{"start":{"line":37,"column":4},"end":{"line":40,"column":5}},"11":{"start":{"line":38,"column":28},"end":{"line":38,"column":59}},"12":{"start":{"line":39,"column":6},"end":{"line":39,"column":51}},"13":{"start":{"line":41,"column":4},"end":{"line":41,"column":16}},"14":{"start":{"line":45,"column":19},"end":{"line":45,"column":48}},"15":{"start":{"line":46,"column":4},"end":{"line":49,"column":5}},"16":{"start":{"line":47,"column":6},"end":{"line":47,"column":29}},"17":{"start":{"line":48,"column":6},"end":{"line":48,"column":18}},"18":{"start":{"line":50,"column":4},"end":{"line":50,"column":17}},"19":{"start":{"line":54,"column":20},"end":{"line":54,"column":46}},"20":{"start":{"line":55,"column":4},"end":{"line":55,"column":67}},"21":{"start":{"line":55,"column":35},"end":{"line":55,"column":65}},"22":{"start":{"line":9,"column":0},"end":{"line":9,"column":13}}},"fnMap":{"0":{"name":"(anonymous_1)","decl":{"start":{"line":10,"column":9},"end":{"line":10,"column":14}},"loc":{"start":{"line":11,"column":35},"end":{"line":20,"column":3}}},"1":{"name":"(anonymous_2)","decl":{"start":{"line":22,"column":9},"end":{"line":22,"column":14}},"loc":{"start":{"line":22,"column":35},"end":{"line":25,"column":3}}},"2":{"name":"(anonymous_3)","decl":{"start":{"line":27,"column":9},"end":{"line":27,"column":14}},"loc":{"start":{"line":27,"column":28},"end":{"line":30,"column":3}}},"3":{"name":"(anonymous_4)","decl":{"start":{"line":29,"column":23},"end":{"line":29,"column":24}},"loc":{"start":{"line":29,"column":35},"end":{"line":29,"column":65}}},"4":{"name":"(anonymous_5)","decl":{"start":{"line":32,"column":9},"end":{"line":32,"column":14}},"loc":{"start":{"line":34,"column":35},"end":{"line":42,"column":3}}},"5":{"name":"(anonymous_6)","decl":{"start":{"line":44,"column":9},"end":{"line":44,"column":14}},"loc":{"start":{"line":44,"column":38},"end":{"line":51,"column":3}}},"6":{"name":"(anonymous_7)","decl":{"start":{"line":53,"column":9},"end":{"line":53,"column":14}},"loc":{"start":{"line":53,"column":28},"end":{"line":56,"column":3}}},"7":{"name":"(anonymous_8)","decl":{"start":{"line":55,"column":23},"end":{"line":55,"column":24}},"loc":{"start":{"line":55,"column":35},"end":{"line":55,"column":65}}}},"branchMap":{"0":{"loc":{"start":{"line":24,"column":11},"end":{"line":24,"column":59}},"type":"cond-expr","locations":[{"start":{"line":24,"column":21},"end":{"line":24,"column":52}},{"start":{"line":24,"column":55},"end":{"line":24,"column":59}}]},"1":{"loc":{"start":{"line":37,"column":4},"end":{"line":40,"column":5}},"type":"if","locations":[{"start":{"line":37,"column":4},"end":{"line":40,"column":5}}]},"2":{"loc":{"start":{"line":46,"column":4},"end":{"line":49,"column":5}},"type":"if","locations":[{"start":{"line":46,"column":4},"end":{"line":49,"column":5}}]}},"s":{"0":1,"1":1,"2":1,"3":1,"4":2,"5":2,"6":1,"7":1,"8":2,"9":2,"10":2,"11":1,"12":1,"13":1,"14":2,"15":2,"16":1,"17":1,"18":1,"19":1,"20":1,"21":2,"22":1},"f":{"0":1,"1":2,"2":1,"3":2,"4":2,"5":2,"6":1,"7":2},"b":{"0":[1,1],"1":[1],"2":[1]}}
,"/home/annael/Documents/ESGI/Vue/Asili/backend/src/services/ShippingService.ts": {"path":"/home/annael/Documents/ESGI/Vue/Asili/backend/src/services/ShippingService.ts","statementMap":{"0":{"start":{"line":1,"column":0},"end":{"line":1,"column":42}},"1":{"start":{"line":3,"column":0},"end":{"line":3,"column":64}},"2":{"start":{"line":6,"column":10},"end":{"line":6,"column":85}},"3":{"start":{"line":9,"column":4},"end":{"line":9,"column":41}},"4":{"start":{"line":13,"column":4},"end":{"line":13,"column":70}},"5":{"start":{"line":17,"column":21},"end":{"line":17,"column":56}},"6":{"start":{"line":18,"column":4},"end":{"line":23,"column":5}},"7":{"start":{"line":19,"column":6},"end":{"line":19,"column":47}},"8":{"start":{"line":20,"column":6},"end":{"line":20,"column":34}},"9":{"start":{"line":21,"column":6},"end":{"line":21,"column":28}},"10":{"start":{"line":22,"column":6},"end":{"line":22,"column":22}},"11":{"start":{"line":24,"column":4},"end":{"line":24,"column":16}},"12":{"start":{"line":5,"column":0},"end":{"line":5,"column":13}}},"fnMap":{"0":{"name":"(anonymous_1)","decl":{"start":{"line":5,"column":0},"end":{"line":5,"column":13}},"loc":{"start":{"line":5,"column":0},"end":{"line":26,"column":1}}},"1":{"name":"(anonymous_2)","decl":{"start":{"line":8,"column":2},"end":{"line":8,"column":7}},"loc":{"start":{"line":8,"column":46},"end":{"line":10,"column":3}}},"2":{"name":"(anonymous_3)","decl":{"start":{"line":12,"column":2},"end":{"line":12,"column":7}},"loc":{"start":{"line":12,"column":46},"end":{"line":14,"column":3}}},"3":{"name":"(anonymous_4)","decl":{"start":{"line":16,"column":2},"end":{"line":16,"column":7}},"loc":{"start":{"line":16,"column":71},"end":{"line":25,"column":3}}}},"branchMap":{"0":{"loc":{"start":{"line":18,"column":4},"end":{"line":23,"column":5}},"type":"if","locations":[{"start":{"line":18,"column":4},"end":{"line":23,"column":5}}]}},"s":{"0":1,"1":1,"2":4,"3":1,"4":1,"5":2,"6":2,"7":1,"8":1,"9":1,"10":1,"11":1,"12":1},"f":{"0":4,"1":1,"2":1,"3":2},"b":{"0":[1]}}
,"/home/annael/Documents/ESGI/Vue/Asili/backend/src/services/WidgetDataService.ts": {"path":"/home/annael/Documents/ESGI/Vue/Asili/backend/src/services/WidgetDataService.ts","statementMap":{"0":{"start":{"line":2,"column":0},"end":{"line":2,"column":49}},"1":{"start":{"line":3,"column":0},"end":{"line":3,"column":50}},"2":{"start":{"line":4,"column":0},"end":{"line":4,"column":50}},"3":{"start":{"line":5,"column":0},"end":{"line":5,"column":34}},"4":{"start":{"line":9,"column":4},"end":{"line":9,"column":54}},"5":{"start":{"line":13,"column":4},"end":{"line":22,"column":5}},"6":{"start":{"line":15,"column":8},"end":{"line":15,"column":37}},"7":{"start":{"line":17,"column":8},"end":{"line":17,"column":34}},"8":{"start":{"line":19,"column":8},"end":{"line":19,"column":35}},"9":{"start":{"line":21,"column":8},"end":{"line":21,"column":64}},"10":{"start":{"line":26,"column":45},"end":{"line":45,"column":6}},"11":{"start":{"line":47,"column":4},"end":{"line":47,"column":46}},"12":{"start":{"line":51,"column":51},"end":{"line":68,"column":6}},"13":{"start":{"line":70,"column":4},"end":{"line":70,"column":52}},"14":{"start":{"line":74,"column":55},"end":{"line":92,"column":6}},"15":{"start":{"line":94,"column":4},"end":{"line":94,"column":56}},"16":{"start":{"line":7,"column":0},"end":{"line":7,"column":13}}},"fnMap":{"0":{"name":"(anonymous_1)","decl":{"start":{"line":8,"column":9},"end":{"line":8,"column":14}},"loc":{"start":{"line":8,"column":47},"end":{"line":10,"column":3}}},"1":{"name":"(anonymous_2)","decl":{"start":{"line":12,"column":9},"end":{"line":12,"column":14}},"loc":{"start":{"line":12,"column":52},"end":{"line":23,"column":3}}},"2":{"name":"(anonymous_3)","decl":{"start":{"line":25,"column":10},"end":{"line":25,"column":15}},"loc":{"start":{"line":25,"column":30},"end":{"line":48,"column":3}}},"3":{"name":"(anonymous_4)","decl":{"start":{"line":50,"column":10},"end":{"line":50,"column":15}},"loc":{"start":{"line":50,"column":27},"end":{"line":71,"column":3}}},"4":{"name":"(anonymous_5)","decl":{"start":{"line":73,"column":10},"end":{"line":73,"column":15}},"loc":{"start":{"line":73,"column":28},"end":{"line":95,"column":3}}}},"branchMap":{"0":{"loc":{"start":{"line":13,"column":4},"end":{"line":22,"column":5}},"type":"switch","locations":[{"start":{"line":14,"column":6},"end":{"line":15,"column":37}},{"start":{"line":16,"column":6},"end":{"line":17,"column":34}},{"start":{"line":18,"column":6},"end":{"line":19,"column":35}},{"start":{"line":20,"column":6},"end":{"line":21,"column":64}}]}},"s":{"0":2,"1":2,"2":2,"3":2,"4":1,"5":5,"6":2,"7":1,"8":1,"9":1,"10":3,"11":3,"12":2,"13":2,"14":2,"15":2,"16":2},"f":{"0":1,"1":5,"2":3,"3":2,"4":2},"b":{"0":[2,1,1,1]}}
,"/home/annael/Documents/ESGI/Vue/Asili/backend/src/services/WidgetsService.ts": {"path":"/home/annael/Documents/ESGI/Vue/Asili/backend/src/services/WidgetsService.ts","statementMap":{"0":{"start":{"line":6,"column":0},"end":{"line":6,"column":38}},"1":{"start":{"line":7,"column":0},"end":{"line":7,"column":56}},"2":{"start":{"line":13,"column":4},"end":{"line":13,"column":53}},"3":{"start":{"line":17,"column":4},"end":{"line":17,"column":49}},"4":{"start":{"line":24,"column":4},"end":{"line":24,"column":52}},"5":{"start":{"line":31,"column":19},"end":{"line":31,"column":50}},"6":{"start":{"line":32,"column":4},"end":{"line":32,"column":29}},"7":{"start":{"line":32,"column":17},"end":{"line":32,"column":29}},"8":{"start":{"line":33,"column":4},"end":{"line":33,"column":37}},"9":{"start":{"line":37,"column":19},"end":{"line":37,"column":50}},"10":{"start":{"line":38,"column":4},"end":{"line":38,"column":39}},"11":{"start":{"line":38,"column":16},"end":{"line":38,"column":39}},"12":{"start":{"line":44,"column":19},"end":{"line":44,"column":50}},"13":{"start":{"line":45,"column":4},"end":{"line":45,"column":29}},"14":{"start":{"line":45,"column":17},"end":{"line":45,"column":29}},"15":{"start":{"line":46,"column":17},"end":{"line":46,"column":70}},"16":{"start":{"line":47,"column":4},"end":{"line":47,"column":40}},"17":{"start":{"line":51,"column":4},"end":{"line":51,"column":65}},"18":{"start":{"line":9,"column":0},"end":{"line":9,"column":13}}},"fnMap":{"0":{"name":"(anonymous_1)","decl":{"start":{"line":12,"column":2},"end":{"line":12,"column":null}},"loc":{"start":{"line":12,"column":2},"end":{"line":14,"column":3}}},"1":{"name":"(anonymous_2)","decl":{"start":{"line":16,"column":9},"end":{"line":16,"column":14}},"loc":{"start":{"line":16,"column":42},"end":{"line":18,"column":3}}},"2":{"name":"(anonymous_3)","decl":{"start":{"line":20,"column":9},"end":{"line":20,"column":14}},"loc":{"start":{"line":22,"column":36},"end":{"line":25,"column":3}}},"3":{"name":"(anonymous_4)","decl":{"start":{"line":27,"column":9},"end":{"line":27,"column":14}},"loc":{"start":{"line":29,"column":36},"end":{"line":34,"column":3}}},"4":{"name":"(anonymous_5)","decl":{"start":{"line":36,"column":9},"end":{"line":36,"column":14}},"loc":{"start":{"line":36,"column":38},"end":{"line":39,"column":3}}},"5":{"name":"(anonymous_6)","decl":{"start":{"line":41,"column":9},"end":{"line":41,"column":14}},"loc":{"start":{"line":42,"column":20},"end":{"line":48,"column":3}}},"6":{"name":"(anonymous_7)","decl":{"start":{"line":50,"column":9},"end":{"line":50,"column":14}},"loc":{"start":{"line":50,"column":46},"end":{"line":52,"column":3}}}},"branchMap":{"0":{"loc":{"start":{"line":32,"column":4},"end":{"line":32,"column":29}},"type":"if","locations":[{"start":{"line":32,"column":4},"end":{"line":32,"column":29}}]},"1":{"loc":{"start":{"line":38,"column":4},"end":{"line":38,"column":39}},"type":"if","locations":[{"start":{"line":38,"column":4},"end":{"line":38,"column":39}}]},"2":{"loc":{"start":{"line":45,"column":4},"end":{"line":45,"column":29}},"type":"if","locations":[{"start":{"line":45,"column":4},"end":{"line":45,"column":29}}]}},"s":{"0":1,"1":1,"2":9,"3":1,"4":1,"5":2,"6":2,"7":1,"8":1,"9":2,"10":2,"11":1,"12":2,"13":2,"14":1,"15":1,"16":1,"17":1,"18":1},"f":{"0":9,"1":1,"2":1,"3":2,"4":2,"5":2,"6":1},"b":{"0":[1],"1":[1],"2":[1]}}
,"/home/annael/Documents/ESGI/Vue/Asili/backend/src/services/brandMongoService.ts": {"path":"/home/annael/Documents/ESGI/Vue/Asili/backend/src/services/brandMongoService.ts","statementMap":{"0":{"start":{"line":1,"column":0},"end":{"line":1,"column":46}},"1":{"start":{"line":6,"column":4},"end":{"line":15,"column":5}},"2":{"start":{"line":7,"column":6},"end":{"line":10,"column":9}},"3":{"start":{"line":11,"column":6},"end":{"line":11,"column":58}},"4":{"start":{"line":13,"column":6},"end":{"line":13,"column":64}},"5":{"start":{"line":14,"column":6},"end":{"line":14,"column":18}},"6":{"start":{"line":4,"column":0},"end":{"line":4,"column":13}}},"fnMap":{"0":{"name":"(anonymous_1)","decl":{"start":{"line":5,"column":9},"end":{"line":5,"column":14}},"loc":{"start":{"line":5,"column":45},"end":{"line":16,"column":3}}}},"branchMap":{},"s":{"0":1,"1":0,"2":0,"3":0,"4":0,"5":0,"6":1},"f":{"0":0},"b":{}}
,"/home/annael/Documents/ESGI/Vue/Asili/backend/src/services/brandService.ts": {"path":"/home/annael/Documents/ESGI/Vue/Asili/backend/src/services/brandService.ts","statementMap":{"0":{"start":{"line":1,"column":0},"end":{"line":1,"column":36}},"1":{"start":{"line":4,"column":0},"end":{"line":4,"column":75}},"2":{"start":{"line":5,"column":0},"end":{"line":5,"column":40}},"3":{"start":{"line":6,"column":0},"end":{"line":6,"column":56}},"4":{"start":{"line":7,"column":0},"end":{"line":7,"column":47}},"5":{"start":{"line":13,"column":4},"end":{"line":13,"column":51}},"6":{"start":{"line":20,"column":18},"end":{"line":20,"column":56}},"7":{"start":{"line":21,"column":4},"end":{"line":21,"column":41}},"8":{"start":{"line":27,"column":19},"end":{"line":27,"column":47}},"9":{"start":{"line":28,"column":4},"end":{"line":28,"column":49}},"10":{"start":{"line":28,"column":33},"end":{"line":28,"column":47}},"11":{"start":{"line":35,"column":18},"end":{"line":35,"column":66}},"12":{"start":{"line":36,"column":4},"end":{"line":36,"column":26}},"13":{"start":{"line":44,"column":4},"end":{"line":49,"column":6}},"14":{"start":{"line":51,"column":6},"end":{"line":51,"column":66}},"15":{"start":{"line":53,"column":4},"end":{"line":88,"column":5}},"16":{"start":{"line":54,"column":27},"end":{"line":54,"column":59}},"17":{"start":{"line":55,"column":6},"end":{"line":55,"column":66}},"18":{"start":{"line":57,"column":49},"end":{"line":63,"column":null}},"19":{"start":{"line":66,"column":6},"end":{"line":66,"column":59}},"20":{"start":{"line":68,"column":6},"end":{"line":70,"column":7}},"21":{"start":{"line":69,"column":8},"end":{"line":69,"column":52}},"22":{"start":{"line":72,"column":6},"end":{"line":72,"column":66}},"23":{"start":{"line":74,"column":6},"end":{"line":74,"column":60}},"24":{"start":{"line":74,"column":33},"end":{"line":74,"column":60}},"25":{"start":{"line":76,"column":32},"end":{"line":76,"column":55}},"26":{"start":{"line":77,"column":6},"end":{"line":77,"column":70}},"27":{"start":{"line":78,"column":6},"end":{"line":78,"column":47}},"28":{"start":{"line":80,"column":6},"end":{"line":80,"column":35}},"29":{"start":{"line":82,"column":6},"end":{"line":82,"column":52}},"30":{"start":{"line":83,"column":6},"end":{"line":83,"column":62}},"31":{"start":{"line":83,"column":33},"end":{"line":83,"column":62}},"32":{"start":{"line":84,"column":6},"end":{"line":86,"column":7}},"33":{"start":{"line":85,"column":8},"end":{"line":85,"column":20}},"34":{"start":{"line":87,"column":6},"end":{"line":87,"column":55}},"35":{"start":{"line":92,"column":44},"end":{"line":92,"column":52}},"36":{"start":{"line":94,"column":4},"end":{"line":99,"column":32}},"37":{"start":{"line":95,"column":25},"end":{"line":95,"column":68}},"38":{"start":{"line":97,"column":8},"end":{"line":97,"column":41}},"39":{"start":{"line":98,"column":8},"end":{"line":98,"column":19}},"40":{"start":{"line":107,"column":6},"end":{"line":107,"column":66}},"41":{"start":{"line":109,"column":4},"end":{"line":139,"column":5}},"42":{"start":{"line":110,"column":28},"end":{"line":113,"column":8}},"43":{"start":{"line":115,"column":6},"end":{"line":121,"column":7}},"44":{"start":{"line":116,"column":8},"end":{"line":116,"column":64}},"45":{"start":{"line":116,"column":35},"end":{"line":116,"column":64}},"46":{"start":{"line":117,"column":8},"end":{"line":120,"column":10}},"47":{"start":{"line":123,"column":31},"end":{"line":126,"column":8}},"48":{"start":{"line":128,"column":6},"end":{"line":128,"column":60}},"49":{"start":{"line":128,"column":33},"end":{"line":128,"column":60}},"50":{"start":{"line":129,"column":6},"end":{"line":135,"column":8}},"51":{"start":{"line":137,"column":6},"end":{"line":137,"column":62}},"52":{"start":{"line":137,"column":33},"end":{"line":137,"column":62}},"53":{"start":{"line":138,"column":6},"end":{"line":138,"column":18}},"54":{"start":{"line":143,"column":4},"end":{"line":143,"column":46}},"55":{"start":{"line":9,"column":0},"end":{"line":9,"column":13}},"56":{"start":{"line":147,"column":0},"end":{"line":147,"column":28}}},"fnMap":{"0":{"name":"(anonymous_1)","decl":{"start":{"line":12,"column":2},"end":{"line":12,"column":14}},"loc":{"start":{"line":12,"column":35},"end":{"line":14,"column":3}}},"1":{"name":"(anonymous_2)","decl":{"start":{"line":16,"column":9},"end":{"line":16,"column":14}},"loc":{"start":{"line":18,"column":43},"end":{"line":22,"column":3}}},"2":{"name":"(anonymous_3)","decl":{"start":{"line":24,"column":9},"end":{"line":24,"column":14}},"loc":{"start":{"line":26,"column":3},"end":{"line":29,"column":3}}},"3":{"name":"(anonymous_4)","decl":{"start":{"line":28,"column":22},"end":{"line":28,"column":23}},"loc":{"start":{"line":28,"column":33},"end":{"line":28,"column":47}}},"4":{"name":"(anonymous_5)","decl":{"start":{"line":31,"column":9},"end":{"line":31,"column":14}},"loc":{"start":{"line":33,"column":43},"end":{"line":37,"column":3}}},"5":{"name":"(anonymous_6)","decl":{"start":{"line":39,"column":9},"end":{"line":39,"column":14}},"loc":{"start":{"line":42,"column":43},"end":{"line":89,"column":3}}},"6":{"name":"(anonymous_7)","decl":{"start":{"line":91,"column":10},"end":{"line":91,"column":28}},"loc":{"start":{"line":91,"column":53},"end":{"line":100,"column":3}}},"7":{"name":"(anonymous_8)","decl":{"start":{"line":95,"column":14},"end":{"line":95,"column":15}},"loc":{"start":{"line":95,"column":25},"end":{"line":95,"column":68}}},"8":{"name":"(anonymous_9)","decl":{"start":{"line":96,"column":14},"end":{"line":96,"column":15}},"loc":{"start":{"line":96,"column":36},"end":{"line":99,"column":7}}},"9":{"name":"(anonymous_10)","decl":{"start":{"line":102,"column":9},"end":{"line":102,"column":14}},"loc":{"start":{"line":104,"column":43},"end":{"line":140,"column":3}}},"10":{"name":"(anonymous_11)","decl":{"start":{"line":142,"column":9},"end":{"line":142,"column":14}},"loc":{"start":{"line":142,"column":37},"end":{"line":144,"column":3}}}},"branchMap":{"0":{"loc":{"start":{"line":13,"column":21},"end":{"line":13,"column":50}},"type":"binary-expr","locations":[{"start":{"line":13,"column":21},"end":{"line":13,"column":30}},{"start":{"line":13,"column":34},"end":{"line":13,"column":50}}]},"1":{"loc":{"start":{"line":21,"column":11},"end":{"line":21,"column":40}},"type":"cond-expr","locations":[{"start":{"line":21,"column":19},"end":{"line":21,"column":33}},{"start":{"line":21,"column":36},"end":{"line":21,"column":40}}]},"2":{"loc":{"start":{"line":51,"column":6},"end":{"line":51,"column":66}},"type":"binary-expr","locations":[{"start":{"line":51,"column":6},"end":{"line":51,"column":26}},{"start":{"line":51,"column":31},"end":{"line":51,"column":65}}]},"3":{"loc":{"start":{"line":68,"column":6},"end":{"line":70,"column":7}},"type":"if","locations":[{"start":{"line":68,"column":6},"end":{"line":70,"column":7}}]},"4":{"loc":{"start":{"line":74,"column":6},"end":{"line":74,"column":60}},"type":"if","locations":[{"start":{"line":74,"column":6},"end":{"line":74,"column":60}}]},"5":{"loc":{"start":{"line":83,"column":6},"end":{"line":83,"column":62}},"type":"if","locations":[{"start":{"line":83,"column":6},"end":{"line":83,"column":62}}]},"6":{"loc":{"start":{"line":84,"column":6},"end":{"line":86,"column":7}},"type":"if","locations":[{"start":{"line":84,"column":6},"end":{"line":86,"column":7}}]},"7":{"loc":{"start":{"line":107,"column":6},"end":{"line":107,"column":66}},"type":"binary-expr","locations":[{"start":{"line":107,"column":6},"end":{"line":107,"column":26}},{"start":{"line":107,"column":31},"end":{"line":107,"column":65}}]},"8":{"loc":{"start":{"line":115,"column":6},"end":{"line":121,"column":7}},"type":"if","locations":[{"start":{"line":115,"column":6},"end":{"line":121,"column":7}}]},"9":{"loc":{"start":{"line":116,"column":8},"end":{"line":116,"column":64}},"type":"if","locations":[{"start":{"line":116,"column":8},"end":{"line":116,"column":64}}]},"10":{"loc":{"start":{"line":128,"column":6},"end":{"line":128,"column":60}},"type":"if","locations":[{"start":{"line":128,"column":6},"end":{"line":128,"column":60}}]},"11":{"loc":{"start":{"line":132,"column":10},"end":{"line":134,"column":35}},"type":"cond-expr","locations":[{"start":{"line":133,"column":14},"end":{"line":133,"column":45}},{"start":{"line":134,"column":14},"end":{"line":134,"column":35}}]},"12":{"loc":{"start":{"line":137,"column":6},"end":{"line":137,"column":62}},"type":"if","locations":[{"start":{"line":137,"column":6},"end":{"line":137,"column":62}}]}},"s":{"0":1,"1":1,"2":1,"3":1,"4":1,"5":8,"6":1,"7":1,"8":1,"9":1,"10":2,"11":1,"12":1,"13":2,"14":2,"15":2,"16":2,"17":2,"18":2,"19":2,"20":2,"21":1,"22":1,"23":1,"24":1,"25":1,"26":1,"27":1,"28":1,"29":1,"30":1,"31":1,"32":1,"33":1,"34":0,"35":2,"36":2,"37":2,"38":2,"39":2,"40":2,"41":2,"42":2,"43":2,"44":1,"45":1,"46":1,"47":1,"48":1,"49":1,"50":1,"51":0,"52":0,"53":0,"54":1,"55":1,"56":1},"f":{"0":8,"1":1,"2":1,"3":2,"4":1,"5":2,"6":2,"7":2,"8":2,"9":2,"10":1},"b":{"0":[8,0],"1":[1,0],"2":[2,2],"3":[1],"4":[1],"5":[1],"6":[1],"7":[2,2],"8":[1],"9":[1],"10":[1],"11":[1,0],"12":[0]}}
,"/home/annael/Documents/ESGI/Vue/Asili/backend/src/services/cartService.ts": {"path":"/home/annael/Documents/ESGI/Vue/Asili/backend/src/services/cartService.ts","statementMap":{"0":{"start":{"line":1,"column":0},"end":{"line":1,"column":34}},"1":{"start":{"line":2,"column":0},"end":{"line":2,"column":42}},"2":{"start":{"line":3,"column":0},"end":{"line":3,"column":40}},"3":{"start":{"line":4,"column":0},"end":{"line":4,"column":34}},"4":{"start":{"line":5,"column":0},"end":{"line":5,"column":44}},"5":{"start":{"line":6,"column":0},"end":{"line":6,"column":74}},"6":{"start":{"line":7,"column":0},"end":{"line":7,"column":27}},"7":{"start":{"line":11,"column":10},"end":{"line":11,"column":48}},"8":{"start":{"line":14,"column":17},"end":{"line":17,"column":6}},"9":{"start":{"line":18,"column":4},"end":{"line":18,"column":33}},"10":{"start":{"line":22,"column":4},"end":{"line":43,"column":5}},"11":{"start":{"line":23,"column":20},"end":{"line":37,"column":8}},"12":{"start":{"line":38,"column":6},"end":{"line":38,"column":68}},"13":{"start":{"line":39,"column":6},"end":{"line":39,"column":19}},"14":{"start":{"line":41,"column":6},"end":{"line":41,"column":57}},"15":{"start":{"line":42,"column":6},"end":{"line":42,"column":18}},"16":{"start":{"line":51,"column":4},"end":{"line":108,"column":7}},"17":{"start":{"line":52,"column":19},"end":{"line":52,"column":66}},"18":{"start":{"line":53,"column":6},"end":{"line":56,"column":7}},"19":{"start":{"line":54,"column":8},"end":{"line":54,"column":53}},"20":{"start":{"line":55,"column":8},"end":{"line":55,"column":42}},"21":{"start":{"line":58,"column":22},"end":{"line":61,"column":8}},"22":{"start":{"line":62,"column":6},"end":{"line":64,"column":7}},"23":{"start":{"line":63,"column":8},"end":{"line":63,"column":45}},"24":{"start":{"line":66,"column":6},"end":{"line":68,"column":7}},"25":{"start":{"line":67,"column":8},"end":{"line":67,"column":44}},"26":{"start":{"line":70,"column":21},"end":{"line":73,"column":8}},"27":{"start":{"line":75,"column":30},"end":{"line":84,"column":8}},"28":{"start":{"line":86,"column":26},"end":{"line":86,"column":50}},"29":{"start":{"line":87,"column":29},"end":{"line":87,"column":37}},"30":{"start":{"line":89,"column":6},"end":{"line":89,"column":38}},"31":{"start":{"line":90,"column":6},"end":{"line":90,"column":45}},"32":{"start":{"line":92,"column":6},"end":{"line":92,"column":34}},"33":{"start":{"line":93,"column":6},"end":{"line":95,"column":8}},"34":{"start":{"line":96,"column":6},"end":{"line":96,"column":42}},"35":{"start":{"line":98,"column":6},"end":{"line":105,"column":7}},"36":{"start":{"line":99,"column":8},"end":{"line":102,"column":10}},"37":{"start":{"line":104,"column":8},"end":{"line":104,"column":74}},"38":{"start":{"line":107,"column":6},"end":{"line":107,"column":18}},"39":{"start":{"line":112,"column":4},"end":{"line":141,"column":7}},"40":{"start":{"line":113,"column":19},"end":{"line":116,"column":8}},"41":{"start":{"line":118,"column":6},"end":{"line":120,"column":7}},"42":{"start":{"line":119,"column":8},"end":{"line":119,"column":42}},"43":{"start":{"line":122,"column":22},"end":{"line":125,"column":8}},"44":{"start":{"line":126,"column":6},"end":{"line":128,"column":7}},"45":{"start":{"line":127,"column":8},"end":{"line":127,"column":45}},"46":{"start":{"line":130,"column":6},"end":{"line":130,"column":45}},"47":{"start":{"line":132,"column":6},"end":{"line":140,"column":7}},"48":{"start":{"line":133,"column":8},"end":{"line":133,"column":60}},"49":{"start":{"line":134,"column":8},"end":{"line":137,"column":11}},"50":{"start":{"line":139,"column":8},"end":{"line":139,"column":61}},"51":{"start":{"line":148,"column":4},"end":{"line":192,"column":7}},"52":{"start":{"line":149,"column":19},"end":{"line":152,"column":8}},"53":{"start":{"line":154,"column":6},"end":{"line":156,"column":7}},"54":{"start":{"line":155,"column":8},"end":{"line":155,"column":42}},"55":{"start":{"line":158,"column":22},"end":{"line":161,"column":8}},"56":{"start":{"line":162,"column":6},"end":{"line":164,"column":7}},"57":{"start":{"line":163,"column":8},"end":{"line":163,"column":45}},"58":{"start":{"line":166,"column":27},"end":{"line":166,"column":54}},"59":{"start":{"line":168,"column":6},"end":{"line":170,"column":7}},"60":{"start":{"line":169,"column":8},"end":{"line":169,"column":44}},"61":{"start":{"line":172,"column":6},"end":{"line":172,"column":36}},"62":{"start":{"line":173,"column":6},"end":{"line":173,"column":45}},"63":{"start":{"line":175,"column":6},"end":{"line":175,"column":34}},"64":{"start":{"line":176,"column":6},"end":{"line":178,"column":8}},"65":{"start":{"line":179,"column":6},"end":{"line":179,"column":42}},"66":{"start":{"line":181,"column":6},"end":{"line":189,"column":7}},"67":{"start":{"line":182,"column":8},"end":{"line":182,"column":60}},"68":{"start":{"line":183,"column":8},"end":{"line":186,"column":10}},"69":{"start":{"line":188,"column":8},"end":{"line":188,"column":61}},"70":{"start":{"line":191,"column":6},"end":{"line":191,"column":18}},"71":{"start":{"line":196,"column":25},"end":{"line":203,"column":6}},"72":{"start":{"line":205,"column":4},"end":{"line":219,"column":5}},"73":{"start":{"line":206,"column":6},"end":{"line":218,"column":9}},"74":{"start":{"line":207,"column":24},"end":{"line":210,"column":10}},"75":{"start":{"line":212,"column":8},"end":{"line":215,"column":9}},"76":{"start":{"line":213,"column":10},"end":{"line":213,"column":41}},"77":{"start":{"line":214,"column":10},"end":{"line":214,"column":49}},"78":{"start":{"line":217,"column":8},"end":{"line":217,"column":47}},"79":{"start":{"line":223,"column":4},"end":{"line":231,"column":7}},"80":{"start":{"line":235,"column":19},"end":{"line":235,"column":55}},"81":{"start":{"line":237,"column":4},"end":{"line":239,"column":5}},"82":{"start":{"line":238,"column":6},"end":{"line":238,"column":40}},"83":{"start":{"line":241,"column":4},"end":{"line":243,"column":7}},"84":{"start":{"line":10,"column":0},"end":{"line":10,"column":13}}},"fnMap":{"0":{"name":"(anonymous_1)","decl":{"start":{"line":10,"column":0},"end":{"line":10,"column":13}},"loc":{"start":{"line":10,"column":0},"end":{"line":245,"column":1}}},"1":{"name":"(anonymous_2)","decl":{"start":{"line":13,"column":2},"end":{"line":13,"column":7}},"loc":{"start":{"line":13,"column":40},"end":{"line":19,"column":3}}},"2":{"name":"(anonymous_3)","decl":{"start":{"line":21,"column":2},"end":{"line":21,"column":7}},"loc":{"start":{"line":21,"column":35},"end":{"line":44,"column":3}}},"3":{"name":"(anonymous_4)","decl":{"start":{"line":46,"column":2},"end":{"line":46,"column":7}},"loc":{"start":{"line":49,"column":20},"end":{"line":109,"column":3}}},"4":{"name":"(anonymous_5)","decl":{"start":{"line":51,"column":36},"end":{"line":51,"column":41}},"loc":{"start
[...]
:{"start":{"line":177,"column":4},"end":{"line":177,"column":63}},"62":{"start":{"line":177,"column":51},"end":{"line":177,"column":61}},"63":{"start":{"line":185,"column":20},"end":{"line":185,"column":62}},"64":{"start":{"line":186,"column":4},"end":{"line":186,"column":30}},"65":{"start":{"line":186,"column":18},"end":{"line":186,"column":30}},"66":{"start":{"line":188,"column":4},"end":{"line":188,"column":30}},"67":{"start":{"line":189,"column":4},"end":{"line":189,"column":77}},"68":{"start":{"line":191,"column":4},"end":{"line":191,"column":32}},"69":{"start":{"line":192,"column":4},"end":{"line":192,"column":28}},"70":{"start":{"line":198,"column":21},"end":{"line":205,"column":6}},"71":{"start":{"line":206,"column":4},"end":{"line":206,"column":55}},"72":{"start":{"line":206,"column":37},"end":{"line":206,"column":53}},"73":{"start":{"line":213,"column":20},"end":{"line":213,"column":62}},"74":{"start":{"line":214,"column":4},"end":{"line":214,"column":47}},"75":{"start":{"line":218,"column":4},"end":{"line":222,"column":7}},"76":{"start":{"line":226,"column":4},"end":{"line":230,"column":7}},"77":{"start":{"line":234,"column":4},"end":{"line":238,"column":7}},"78":{"start":{"line":242,"column":4},"end":{"line":248,"column":7}},"79":{"start":{"line":252,"column":4},"end":{"line":258,"column":7}},"80":{"start":{"line":262,"column":4},"end":{"line":268,"column":7}},"81":{"start":{"line":272,"column":25},"end":{"line":278,"column":6}},"82":{"start":{"line":279,"column":4},"end":{"line":279,"column":26}},"83":{"start":{"line":283,"column":25},"end":{"line":289,"column":6}},"84":{"start":{"line":290,"column":4},"end":{"line":290,"column":26}},"85":{"start":{"line":294,"column":25},"end":{"line":300,"column":6}},"86":{"start":{"line":301,"column":4},"end":{"line":301,"column":26}},"87":{"start":{"line":17,"column":0},"end":{"line":17,"column":13}},"88":{"start":{"line":305,"column":0},"end":{"line":305,"column":30}}},"fnMap":{"0":{"name":"(anonymous_1)","decl":{"start":{"line":20,"column":2},"end":{"line":20,"column":14}},"loc":{"start":{"line":20,"column":35},"end":{"line":22,"column":3}}},"1":{"name":"(anonymous_2)","decl":{"start":{"line":24,"column":9},"end":{"line":24,"column":14}},"loc":{"start":{"line":26,"column":43},"end":{"line":33,"column":3}}},"2":{"name":"(anonymous_3)","decl":{"start":{"line":35,"column":9},"end":{"line":35,"column":14}},"loc":{"start":{"line":37,"column":3},"end":{"line":43,"column":3}}},"3":{"name":"(anonymous_4)","decl":{"start":{"line":42,"column":24},"end":{"line":42,"column":25}},"loc":{"start":{"line":42,"column":37},"end":{"line":42,"column":53}}},"4":{"name":"(anonymous_5)","decl":{"start":{"line":45,"column":9},"end":{"line":45,"column":14}},"loc":{"start":{"line":47,"column":43},"end":{"line":65,"column":3}}},"5":{"name":"(anonymous_6)","decl":{"start":{"line":67,"column":9},"end":{"line":67,"column":14}},"loc":{"start":{"line":70,"column":43},"end":{"line":103,"column":3}}},"6":{"name":"(anonymous_7)","decl":{"start":{"line":105,"column":9},"end":{"line":105,"column":14}},"loc":{"start":{"line":107,"column":43},"end":{"line":137,"column":3}}},"7":{"name":"(anonymous_8)","decl":{"start":{"line":139,"column":9},"end":{"line":139,"column":14}},"loc":{"start":{"line":148,"column":5},"end":{"line":151,"column":3}}},"8":{"name":"(anonymous_9)","decl":{"start":{"line":153,"column":9},"end":{"line":153,"column":14}},"loc":{"start":{"line":153,"column":28},"end":{"line":159,"column":3}}},"9":{"name":"(anonymous_10)","decl":{"start":{"line":158,"column":26},"end":{"line":158,"column":27}},"loc":{"start":{"line":158,"column":58},"end":{"line":158,"column":71}}},"10":{"name":"(anonymous_11)","decl":{"start":{"line":161,"column":9},"end":{"line":161,"column":14}},"loc":{"start":{"line":161,"column":34},"end":{"line":170,"column":1}}},"11":{"name":"(anonymous_12)","decl":{"start":{"line":166,"column":24},"end":{"line":166,"column":25}},"loc":{"start":{"line":166,"column":69},"end":{"line":169,"column":4}}},"12":{"name":"(anonymous_13)","decl":{"start":{"line":172,"column":9},"end":{"line":172,"column":14}},"loc":{"start":{"line":172,"column":24},"end":{"line":178,"column":3}}},"13":{"name":"(anonymous_14)","decl":{"start":{"line":177,"column":22},"end":{"line":177,"column":23}},"loc":{"start":{"line":177,"column":51},"end":{"line":177,"column":61}}},"14":{"name":"(anonymous_15)","decl":{"start":{"line":180,"column":9},"end":{"line":180,"column":14}},"loc":{"start":{"line":183,"column":43},"end":{"line":193,"column":3}}},"15":{"name":"(anonymous_16)","decl":{"start":{"line":195,"column":9},"end":{"line":195,"column":14}},"loc":{"start":{"line":197,"column":3},"end":{"line":207,"column":3}}},"16":{"name":"(anonymous_17)","decl":{"start":{"line":206,"column":24},"end":{"line":206,"column":25}},"loc":{"start":{"line":206,"column":37},"end":{"line":206,"column":53}}},"17":{"name":"(anonymous_18)","decl":{"start":{"line":209,"column":9},"end":{"line":209,"column":14}},"loc":{"start":{"line":211,"column":43},"end":{"line":215,"column":3}}},"18":{"name":"(anonymous_19)","decl":{"start":{"line":217,"column":9},"end":{"line":217,"column":14}},"loc":{"start":{"line":217,"column":74},"end":{"line":223,"column":3}}},"19":{"name":"(anonymous_20)","decl":{"start":{"line":225,"column":9},"end":{"line":225,"column":14}},"loc":{"start":{"line":225,"column":78},"end":{"line":231,"column":3}}},"20":{"name":"(anonymous_21)","decl":{"start":{"line":233,"column":9},"end":{"line":233,"column":14}},"loc":{"start":{"line":233,"column":80},"end":{"line":239,"column":3}}},"21":{"name":"(anonymous_22)","decl":{"start":{"line":241,"column":9},"end":{"line":241,"column":14}},"loc":{"start":{"line":241,"column":78},"end":{"line":249,"column":3}}},"22":{"name":"(anonymous_23)","decl":{"start":{"line":251,"column":9},"end":{"line":251,"column":14}},"loc":{"start":{"line":251,"column":82},"end":{"line":259,"column":3}}},"23":{"name":"(anonymous_24)","decl":{"start":{"line":261,"column":9},"end":{"line":261,"column":14}},"loc":{"start":{"line":261,"column":84},"end":{"line":269,"column":3}}},"24":{"name":"(anonymous_25)","decl":{"start":{"line":271,"column":9},"end":{"line":271,"column":14}},"loc":{"start":{"line":271,"column":80},"end":{"line":280,"column":3}}},"25":{"name":"(anonymous_26)","decl":{"start":{"line":282,"column":9},"end":{"line":282,"column":14}},"loc":{"start":{"line":282,"column":84},"end":{"line":291,"column":3}}},"26":{"name":"(anonymous_27)","decl":{"start":{"line":293,"column":9},"end":{"line":293,"column":14}},"loc":{"start":{"line":293,"column":86},"end":{"line":302,"column":3}}}},"branchMap":{"0":{"loc":{"start":{"line":21,"column":21},"end":{"line":21,"column":50}},"type":"binary-expr","locations":[{"start":{"line":21,"column":21},"end":{"line":21,"column":30}},{"start":{"line":21,"column":34},"end":{"line":21,"column":50}}]},"1":{"loc":{"start":{"line":32,"column":11},"end":{"line":32,"column":44}},"type":"cond-expr","locations":[{"start":{"line":32,"column":21},"end":{"line":32,"column":37}},{"start":{"line":32,"column":40},"end":{"line":32,"column":44}}]},"2":{"loc":{"start":{"line":58,"column":6},"end":{"line":60,"column":7}},"type":"if","locations":[{"start":{"line":58,"column":6},"end":{"line":60,"column":7}}]},"3":{"loc":{"start":{"line":75,"column":6},"end":{"line":77,"column":7}},"type":"if","locations":[{"start":{"line":75,"column":6},"end":{"line":77,"column":7}}]},"4":{"loc":{"start":{"line":79,"column":6},"end":{"line":89,"column":7}},"type":"if","locations":[{"start":{"line":79,"column":6},"end":{"line":89,"column":7}}]},"5":{"loc":{"start":{"line":79,"column":10},"end":{"line":79,"column":48}},"type":"binary-expr","locations":[{"start":{"line":79,"column":10},"end":{"line":79,"column":23}},{"start":{"line":79,"column":27},"end":{"line":79,"column":48}}]},"6":{"loc":{"start":{"line":86,"column":8},"end":{"line":88,"column":9}},"type":"if","locations":[{"start":{"line":86,"column":8},"end":{"line":88,"column":9}}]},"7":{"loc":{"start":{"line":96,"column":6},"end":{"line":98,"column":7}},"type":"if","locations":[{"start":{"line":96,"column":6},"end":{"line":98,"column":7}}]},"8":{"loc":{"start":{"line":109,"column":14},"end":{"line":109,"column":74}},"type":"binary-expr","locations":[{"start":{"line":109,"column":14},"end":{"line":109,"column":34}},{"start":{"line":109,"column":39},"end":{"line":109,"column":73}}]},"9":{"loc":{"start":{"line":122,"column":6},"end":{"line":124,"column":7}},"type":"if","locations":[{"start":{"line":122,"column":6},"end":{"line":124,"column":7}}]},"10":{"loc":{"start":{"line":126,"column":6},"end":{"line":128,"column":7}},"type":"if","locations":[{"start":{"line":126,"column":6},"end":{"line":128,"column":7}}]},"11":{"loc":{"start":{"line":132,"column":6},"end":{"line":134,"column":7}},"type":"if","locations":[{"start":{"line":132,"column":6},"end":{"line":134,"column":7}}]},"12":{"loc":{"start":{"line":186,"column":4},"end":{"line":186,"column":30}},"type":"if","locations":[{"start":{"line":186,"column":4},"end":{"line":186,"column":30}}]},"13":{"loc":{"start":{"line":214,"column":11},"end":{"line":214,"column":46}},"type":"cond-expr","locations":[{"start":{"line":214,"column":21},"end":{"line":214,"column":41}},{"start":{"line":214,"column":44},"end":{"line":214,"column":46}}]}},"s":{"0":1,"1":1,"2":1,"3":1,"4":1,"5":1,"6":1,"7":1,"8":1,"9":1,"10":1,"11":1,"12":6,"13":3,"14":3,"15":0,"16":0,"17":0,"18":1,"19":1,"20":1,"21":1,"22":1,"23":1,"24":1,"25":1,"26":1,"27":1,"28":1,"29":1,"30":0,"31":1,"32":0,"33":0,"34":0,"35":1,"36":1,"37":1,"38":1,"39":1,"40":1,"41":1,"42":1,"43":1,"44":1,"45":1,"46":1,"47":1,"48":1,"49":1,"50":0,"51":0,"52":0,"53":0,"54":0,"55":0,"56":0,"57":0,"58":0,"59":0,"60":0,"61":0,"62":0,"63":1,"64":1,"65":0,"66":1,"67":1,"68":1,"69":1,"70":1,"71":1,"72":1,"73":0,"74":0,"75":0,"76":0,"77":0,"78":0,"79":0,"80":0,"81":0,"82":0,"83":0,"84":0,"85":0,"86":0,"87":1,"88":1},"f":{"0":6,"1":3,"2":0,"3":0,"4":1,"5":1,"6":1,"7":0,"8":0,"9":0,"10":0,"11":0,"12":0,"13":0,"14":1,"15":1,"16":1,"17":0,"18":0,"19":0,"20":0,"21":0,"22":0,"23":0,"24":0,"25":0,"26":0},"b":{"0":[6,0],"1":[3,0],"2":[1],"3":[0],"4":[0],"5":[1,0],"6":[0],"7":[1],"8":[1,1],"9":[1],"10":[1],"11":[0],"12":[0],"13":[0,0]}}
,"/home/annael/Documents/ESGI/Vue/Asili/backend/src/services/userService.ts": {"path":"/home/annael/Documents/ESGI/Vue/Asili/backend/src/services/userService.ts","statementMap":{"0":{"start":{"line":1,"column":0},"end":{"line":1,"column":34}},"1":{"start":{"line":4,"column":0},"end":{"line":4,"column":46}},"2":{"start":{"line":5,"column":0},"end":{"line":5,"column":36}},"3":{"start":{"line":6,"column":0},"end":{"line":6,"column":28}},"4":{"start":{"line":7,"column":0},"end":{"line":7,"column":38}},"5":{"start":{"line":8,"column":0},"end":{"line":8,"column":44}},"6":{"start":{"line":15,"column":4},"end":{"line":24,"column":5}},"7":{"start":{"line":16,"column":19},"end":{"line":19,"column":8}},"8":{"start":{"line":20,"column":6},"end":{"line":20,"column":52}},"9":{"start":{"line":22,"column":6},"end":{"line":22,"column":57}},"10":{"start":{"line":23,"column":6},"end":{"line":23,"column":18}},"11":{"start":{"line":30,"column":4},"end":{"line":39,"column":5}},"12":{"start":{"line":31,"column":20},"end":{"line":34,"column":8}},"13":{"start":{"line":35,"column":6},"end":{"line":35,"column":57}},"14":{"start":{"line":35,"column":33},"end":{"line":35,"column":55}},"15":{"start":{"line":37,"column":6},"end":{"line":37,"column":56}},"16":{"start":{"line":38,"column":6},"end":{"line":38,"column":18}},"17":{"start":{"line":46,"column":14},"end":{"line":46,"column":75}},"18":{"start":{"line":48,"column":4},"end":{"line":87,"column":5}},"19":{"start":{"line":49,"column":34},"end":{"line":52,"column":8}},"20":{"start":{"line":54,"column":6},"end":{"line":80,"column":7}},"21":{"start":{"line":55,"column":24},"end":{"line":60,"column":null}},"22":{"start":{"line":63,"column":8},"end":{"line":65,"column":9}},"23":{"start":{"line":64,"column":10},"end":{"line":64,"column":27}},"24":{"start":{"line":67,"column":8},"end":{"line":67,"column":41}},"25":{"start":{"line":69,"column":8},"end":{"line":71,"column":9}},"26":{"start":{"line":70,"column":10},"end":{"line":70,"column":35}},"27":{"start":{"line":73,"column":24},"end":{"line":73,"column":67}},"28":{"start":{"line":75,"column":8},"end":{"line":77,"column":9}},"29":{"start":{"line":76,"column":10},"end":{"line":76,"column":27}},"30":{"start":{"line":79,"column":8},"end":{"line":79,"column":41}},"31":{"start":{"line":82,"column":6},"end":{"line":84,"column":7}},"32":{"start":{"line":83,"column":8},"end":{"line":83,"column":27}},"33":{"start":{"line":85,"column":6},"end":{"line":85,"column":51}},"34":{"start":{"line":86,"column":6},"end":{"line":86,"column":18}},"35":{"start":{"line":95,"column":4},"end":{"line":108,"column":5}},"36":{"start":{"line":96,"column":19},"end":{"line":99,"column":8}},"37":{"start":{"line":100,"column":6},"end":{"line":103,"column":7}},"38":{"start":{"line":101,"column":8},"end":{"line":101,"column":47}},"39":{"start":{"line":102,"column":8},"end":{"line":102,"column":38}},"40":{"start":{"line":104,"column":6},"end":{"line":104,"column":18}},"41":{"start":{"line":106,"column":6},"end":{"line":106,"column":51}},"42":{"start":{"line":107,"column":6},"end":{"line":107,"column":18}},"43":{"start":{"line":115,"column":14},"end":{"line":115,"column":75}},"44":{"start":{"line":117,"column":4},"end":{"line":147,"column":5}},"45":{"start":{"line":118,"column":19},"end":{"line":121,"column":8}},"46":{"start":{"line":122,"column":6},"end":{"line":136,"column":7}},"47":{"start":{"line":123,"column":31},"end":{"line":123,"column":64}},"48":{"start":{"line":124,"column":34},"end":{"line":124,"column":65}},"49":{"start":{"line":126,"column":8},"end":{"line":133,"column":10}},"50":{"start":{"line":135,"column":8},"end":{"line":135,"column":77}},"51":{"start":{"line":138,"column":6},"end":{"line":140,"column":7}},"52":{"start":{"line":139,"column":8},"end":{"line":139,"column":25}},"53":{"start":{"line":142,"column":6},"end":{"line":144,"column":7}},"54":{"start":{"line":143,"column":8},"end":{"line":143,"column":27}},"55":{"start":{"line":145,"column":6},"end":{"line":145,"column":56}},"56":{"start":{"line":146,"column":6},"end":{"line":146,"column":18}},"57":{"start":{"line":154,"column":4},"end":{"line":154,"column":44}},"58":{"start":{"line":158,"column":17},"end":{"line":158,"column":44}},"59":{"start":{"line":159,"column":4},"end":{"line":162,"column":5}},"60":{"start":{"line":160,"column":6},"end":{"line":160,"column":56}},"61":{"start":{"line":161,"column":6},"end":{"line":161,"column":40}},"62":{"start":{"line":163,"column":32},"end":{"line":165,"column":null}},"63":{"start":{"line":167,"column":4},"end":{"line":167,"column":37}},"64":{"start":{"line":10,"column":0},"end":{"line":10,"column":13}}},"fnMap":{"0":{"name":"(anonymous_1)","decl":{"start":{"line":11,"column":9},"end":{"line":11,"column":14}},"loc":{"start":{"line":13,"column":43},"end":{"line":25,"column":3}}},"1":{"name":"(anonymous_2)","decl":{"start":{"line":27,"column":9},"end":{"line":27,"column":14}},"loc":{"start":{"line":29,"column":3},"end":{"line":40,"column":3}}},"2":{"name":"(anonymous_3)","decl":{"start":{"line":35,"column":23},"end":{"line":35,"column":24}},"loc":{"start":{"line":35,"column":33},"end":{"line":35,"column":55}}},"3":{"name":"(anonymous_4)","decl":{"start":{"line":42,"column":9},"end":{"line":42,"column":14}},"loc":{"start":{"line":44,"column":43},"end":{"line":88,"column":3}}},"4":{"name":"(anonymous_5)","decl":{"start":{"line":90,"column":9},"end":{"line":90,"column":14}},"loc":{"start":{"line":93,"column":43},"end":{"line":109,"column":3}}},"5":{"name":"(anonymous_6)","decl":{"start":{"line":111,"column":9},"end":{"line":111,"column":14}},"loc":{"start":{"line":113,"column":43},"end":{"line":148,"column":3}}},"6":{"name":"(anonymous_7)","decl":{"start":{"line":150,"column":9},"end":{"line":150,"column":14}},"loc":{"start":{"line":152,"column":43},"end":{"line":155,"column":3}}},"7":{"name":"(anonymous_8)","decl":{"start":{"line":157,"column":9},"end":{"line":157,"column":14}},"loc":{"start":{"line":157,"column":50},"end":{"line":168,"column":3}}}},"branchMap":{"0":{"loc":{"start":{"line":20,"column":13},"end":{"line":20,"column":51}},"type":"cond-expr","locations":[{"start":{"line":20,"column":21},"end":{"line":20,"column":44}},{"start":{"line":20,"column":47},"end":{"line":20,"column":51}}]},"1":{"loc":{"start":{"line":46,"column":14},"end":{"line":46,"column":75}},"type":"binary-expr","locations":[{"start":{"line":46,"column":14},"end":{"line":46,"column":34}},{"start":{"line":46,"column":39},"end":{"line":46,"column":74}}]},"2":{"loc":{"start":{"line":54,"column":6},"end":{"line":80,"column":7}},"type":"if","locations":[{"start":{"line":54,"column":6},"end":{"line":80,"column":7}},{"start":{"line":68,"column":13},"end":{"line":80,"column":7}}]},"3":{"loc":{"start":{"line":63,"column":8},"end":{"line":65,"column":9}},"type":"if","locations":[{"start":{"line":63,"column":8},"end":{"line":65,"column":9}}]},"4":{"loc":{"start":{"line":69,"column":8},"end":{"line":71,"column":9}},"type":"if","locations":[{"start":{"line":69,"column":8},"end":{"line":71,"column":9}}]},"5":{"loc":{"start":{"line":75,"column":8},"end":{"line":77,"column":9}},"type":"if","locations":[{"start":{"line":75,"column":8},"end":{"line":77,"column":9}}]},"6":{"loc":{"start":{"line":82,"column":6},"end":{"line":84,"column":7}},"type":"if","locations":[{"start":{"line":82,"column":6},"end":{"line":84,"column":7}}]},"7":{"loc":{"start":{"line":100,"column":6},"end":{"line":103,"column":7}},"type":"if","locations":[{"start":{"line":100,"column":6},"end":{"line":103,"column":7}}]},"8":{"loc":{"start":{"line":115,"column":14},"end":{"line":115,"column":75}},"type":"binary-expr","locations":[{"start":{"line":115,"column":14},"end":{"line":115,"column":34}},{"start":{"line":115,"column":39},"end":{"line":115,"column":74}}]},"9":{"loc":{"start":{"line":122,"column":6},"end":{"line":136,"column":7}},"type":"if","locations":[{"start":{"line":122,"column":6},"end":{"line":136,"column":7}}]},"10":{"loc":{"start":{"line":138,"column":6},"end":{"line":140,"column":7}},"type":"if","locations":[{"start":{"line":138,"column":6},"end":{"line":140,"column":7}}]},"11":{"loc":{"start":{"line":142,"column":6},"end":{"line":144,"column":7}},"type":"if","locations":[{"start":{"line":142,"column":6},"end":{"line":144,"column":7}}]},"12":{"loc":{"start":{"line":159,"column":4},"end":{"line":162,"column":5}},"type":"if","locations":[{"start":{"line":159,"column":4},"end":{"line":162,"column":5}}]}},"s":{"0":1,"1":1,"2":1,"3":1,"4":1,"5":1,"6":2,"7":2,"8":2,"9":0,"10":0,"11":1,"12":1,"13":1,"14":2,"15":0,"16":0,"17":2,"18":2,"19":2,"20":2,"21":0,"22":0,"23":0,"24":0,"25":2,"26":1,"27":2,"28":2,"29":2,"30":2,"31":0,"32":0,"33":0,"34":0,"35":2,"36":2,"37":2,"38":1,"39":1,"40":1,"41":0,"42":0,"43":1,"44":1,"45":1,"46":1,"47":1,"48":1,"49":1,"50":1,"51":1,"52":1,"53":0,"54":0,"55":0,"56":0,"57":0,"58":1,"59":1,"60":1,"61":1,"62":0,"63":0,"64":1},"f":{"0":2,"1":1,"2":2,"3":2,"4":2,"5":1,"6":0,"7":1},"b":{"0":[1,1],"1":[2,2],"2":[0,2],"3":[0],"4":[1],"5":[2],"6":[0],"7":[1],"8":[1,1],"9":[1],"10":[1],"11":[0],"12":[1]}}
,"/home/annael/Documents/ESGI/Vue/Asili/backend/src/types/HttpError.ts": {"path":"/home/annael/Documents/ESGI/Vue/Asili/backend/src/types/HttpError.ts","statementMap":{"0":{"start":{"line":3,"column":4},"end":{"line":3,"column":19}},"1":{"start":{"line":2,"column":21},"end":{"line":2,"column":35}},"2":{"start":{"line":4,"column":4},"end":{"line":4,"column":28}},"3":{"start":{"line":1,"column":0},"end":{"line":1,"column":13}}},"fnMap":{"0":{"name":"(anonymous_0)","decl":{"start":{"line":2,"column":2},"end":{"line":2,"column":21}},"loc":{"start":{"line":2,"column":52},"end":{"line":5,"column":3}}}},"branchMap":{},"s":{"0":1,"1":1,"2":1,"3":1},"f":{"0":1},"b":{}}
}
